2025-03-29 23:26:35,532 - httpx - INFO - HTTP Request: POST https://api.telegram.org/bot7728251431:AAEZ3y5HDcNk7nto1IcHu6rsteCr1vMnd38/getMe "HTTP/1.1 200 OK"
2025-03-29 23:26:35,720 - httpx - INFO - HTTP Request: POST https://api.telegram.org/bot7728251431:AAEZ3y5HDcNk7nto1IcHu6rsteCr1vMnd38/deleteWebhook "HTTP/1.1 200 OK"
2025-03-29 23:26:35,721 - telegram.ext.Application - INFO - Application started
2025-03-29 23:26:46,278 - httpx - INFO - HTTP Request: POST https://api.telegram.org/bot7728251431:AAEZ3y5HDcNk7nto1IcHu6rsteCr1vMnd38/getUpdates "HTTP/1.1 200 OK"
2025-03-29 23:26:56,465 - httpx - INFO - HTTP Request: POST https://api.telegram.org/bot7728251431:AAEZ3y5HDcNk7nto1IcHu6rsteCr1vMnd38/getUpdates "HTTP/1.1 200 OK"
2025-03-29 23:27:06,650 - httpx - INFO - HTTP Request: POST https://api.telegram.org/bot7728251431:AAEZ3y5HDcNk7nto1IcHu6rsteCr1vMnd38/getUpdates "HTTP/1.1 200 OK"
2025-03-29 23:27:16,836 - httpx - INFO - HTTP Request: POST https://api.telegram.org/bot7728251431:AAEZ3y5HDcNk7nto1IcHu6rsteCr1vMnd38/getUpdates "HTTP/1.1 200 OK"
2025-03-29 23:27:27,022 - httpx - INFO - HTTP Request: POST https://api.telegram.org/bot7728251431:AAEZ3y5HDcNk7nto1IcHu6rsteCr1vMnd38/getUpdates "HTTP/1.1 200 OK"
2025-03-29 23:27:37,207 - httpx - INFO - HTTP Request: POST https://api.telegram.org/bot7728251431:AAEZ3y5HDcNk7nto1IcHu6rsteCr1vMnd38/getUpdates "HTTP/1.1 200 OK"
2025-03-29 23:27:47,393 - httpx - INFO - HTTP Request: POST https://api.telegram.org/bot7728251431:AAEZ3y5HDcNk7nto1IcHu6rsteCr1vMnd38/getUpdates "HTTP/1.1 200 OK"
2025-03-29 23:27:57,578 - httpx - INFO - HTTP Request: POST https://api.telegram.org/bot7728251431:AAEZ3y5HDcNk7nto1IcHu6rsteCr1vMnd38/getUpdates "HTTP/1.1 200 OK"
2025-03-29 23:28:07,764 - httpx - INFO - HTTP Request: POST https://api.telegram.org/bot7728251431:AAEZ3y5HDcNk7nto1IcHu6rsteCr1vMnd38/getUpdates "HTTP/1.1 200 OK"
2025-03-29 23:28:17,949 - httpx - INFO - HTTP Request: POST https://api.telegram.org/bot7728251431:AAEZ3y5HDcNk7nto1IcHu6rsteCr1vMnd38/getUpdates "HTTP/1.1 200 OK"
2025-03-29 23:28:28,135 - httpx - INFO - HTTP Request: POST https://api.telegram.org/bot7728251431:AAEZ3y5HDcNk7nto1IcHu6rsteCr1vMnd38/getUpdates "HTTP/1.1 200 OK"
2025-03-29 23:28:38,320 - httpx - INFO - HTTP Request: POST https://api.telegram.org/bot7728251431:AAEZ3y5HDcNk7nto1IcHu6rsteCr1vMnd38/getUpdates "HTTP/1.1 200 OK"
2025-03-29 23:28:48,505 - httpx - INFO - HTTP Request: POST https://api.telegram.org/bot7728251431:AAEZ3y5HDcNk7nto1IcHu6rsteCr1vMnd38/getUpdates "HTTP/1.1 200 OK"
2025-03-29 23:28:58,691 - httpx - INFO - HTTP Request: POST https://api.telegram.org/bot7728251431:AAEZ3y5HDcNk7nto1IcHu6rsteCr1vMnd38/getUpdates "HTTP/1.1 200 OK"
2025-03-29 23:29:08,876 - httpx - INFO - HTTP Request: POST https://api.telegram.org/bot7728251431:AAEZ3y5HDcNk7nto1IcHu6rsteCr1vMnd38/getUpdates "HTTP/1.1 200 OK"
2025-03-29 23:29:19,062 - httpx - INFO - HTTP Request: POST https://api.telegram.org/bot7728251431:AAEZ3y5HDcNk7nto1IcHu6rsteCr1vMnd38/getUpdates "HTTP/1.1 200 OK"
2025-03-29 23:29:29,247 - httpx - INFO - HTTP Request: POST https://api.telegram.org/bot7728251431:AAEZ3y5HDcNk7nto1IcHu6rsteCr1vMnd38/getUpdates "HTTP/1.1 200 OK"
2025-03-29 23:29:39,433 - httpx - INFO - HTTP Request: POST https://api.telegram.org/bot7728251431:AAEZ3y5HDcNk7nto1IcHu6rsteCr1vMnd38/getUpdates "HTTP/1.1 200 OK"
2025-03-29 23:29:49,619 - httpx - INFO - HTTP Request: POST https://api.telegram.org/bot7728251431:AAEZ3y5HDcNk7nto1IcHu6rsteCr1vMnd38/getUpdates "HTTP/1.1 200 OK"
2025-03-29 23:29:59,804 - httpx - INFO - HTTP Request: POST https://api.telegram.org/bot7728251431:AAEZ3y5HDcNk7nto1IcHu6rsteCr1vMnd38/getUpdates "HTTP/1.1 200 OK"
2025-03-29 23:30:09,990 - httpx - INFO - HTTP Request: POST https://api.telegram.org/bot7728251431:AAEZ3y5HDcNk7nto1IcHu6rsteCr1vMnd38/getUpdates "HTTP/1.1 200 OK"
2025-03-29 23:30:20,176 - httpx - INFO - HTTP Request: POST https://api.telegram.org/bot7728251431:AAEZ3y5HDcNk7nto1IcHu6rsteCr1vMnd38/getUpdates "HTTP/1.1 200 OK"
2025-03-29 23:30:30,361 - httpx - INFO - HTTP Request: POST https://api.telegram.org/bot7728251431:AAEZ3y5HDcNk7nto1IcHu6rsteCr1vMnd38/getUpdates "HTTP/1.1 200 OK"
2025-03-29 23:30:40,547 - httpx - INFO - HTTP Request: POST https://api.telegram.org/bot7728251431:AAEZ3y5HDcNk7nto1IcHu6rsteCr1vMnd38/getUpdates "HTTP/1.1 200 OK"
2025-03-29 23:30:50,732 - httpx - INFO - HTTP Request: POST https://api.telegram.org/bot7728251431:AAEZ3y5HDcNk7nto1IcHu6rsteCr1vMnd38/getUpdates "HTTP/1.1 200 OK"
2025-03-29 23:31:00,918 - httpx - INFO - HTTP Request: POST https://api.telegram.org/bot7728251431:AAEZ3y5HDcNk7nto1IcHu6rsteCr1vMnd38/getUpdates "HTTP/1.1 200 OK"
2025-03-29 23:31:11,104 - httpx - INFO - HTTP Request: POST https://api.telegram.org/bot7728251431:AAEZ3y5HDcNk7nto1IcHu6rsteCr1vMnd38/getUpdates "HTTP/1.1 200 OK"
2025-03-29 23:31:21,288 - httpx - INFO - HTTP Request: POST https://api.telegram.org/bot7728251431:AAEZ3y5HDcNk7nto1IcHu6rsteCr1vMnd38/getUpdates "HTTP/1.1 200 OK"
2025-03-29 23:31:31,474 - httpx - INFO - HTTP Request: POST https://api.telegram.org/bot7728251431:AAEZ3y5HDcNk7nto1IcHu6rsteCr1vMnd38/getUpdates "HTTP/1.1 200 OK"
2025-03-29 23:31:41,659 - httpx - INFO - HTTP Request: POST https://api.telegram.org/bot7728251431:AAEZ3y5HDcNk7nto1IcHu6rsteCr1vMnd38/getUpdates "HTTP/1.1 200 OK"
2025-03-29 23:31:51,844 - httpx - INFO - HTTP Request: POST https://api.telegram.org/bot7728251431:AAEZ3y5HDcNk7nto1IcHu6rsteCr1vMnd38/getUpdates "HTTP/1.1 200 OK"
2025-03-29 23:32:02,030 - httpx - INFO - HTTP Request: POST https://api.telegram.org/bot7728251431:AAEZ3y5HDcNk7nto1IcHu6rsteCr1vMnd38/getUpdates "HTTP/1.1 200 OK"
2025-03-29 23:32:12,216 - httpx - INFO - HTTP Request: POST https://api.telegram.org/bot7728251431:AAEZ3y5HDcNk7nto1IcHu6rsteCr1vMnd38/getUpdates "HTTP/1.1 200 OK"
2025-03-29 23:32:22,401 - httpx - INFO - HTTP Request: POST https://api.telegram.org/bot7728251431:AAEZ3y5HDcNk7nto1IcHu6rsteCr1vMnd38/getUpdates "HTTP/1.1 200 OK"
2025-03-29 23:32:32,587 - httpx - INFO - HTTP Request: POST https://api.telegram.org/bot7728251431:AAEZ3y5HDcNk7nto1IcHu6rsteCr1vMnd38/getUpdates "HTTP/1.1 200 OK"
2025-03-29 23:32:42,773 - httpx - INFO - HTTP Request: POST https://api.telegram.org/bot7728251431:AAEZ3y5HDcNk7nto1IcHu6rsteCr1vMnd38/getUpdates "HTTP/1.1 200 OK"
2025-03-29 23:32:47,368 - httpx - INFO - HTTP Request: POST https://api.telegram.org/bot7728251431:AAEZ3y5HDcNk7nto1IcHu6rsteCr1vMnd38/getUpdates "HTTP/1.1 200 OK"
2025-03-29 23:32:47,944 - httpx - INFO - HTTP Request: POST https://api.telegram.org/bot7728251431:AAEZ3y5HDcNk7nto1IcHu6rsteCr1vMnd38/sendMessage "HTTP/1.1 200 OK"
2025-03-29 23:32:57,555 - httpx - INFO - HTTP Request: POST https://api.telegram.org/bot7728251431:AAEZ3y5HDcNk7nto1IcHu6rsteCr1vMnd38/getUpdates "HTTP/1.1 200 OK"
2025-03-29 23:33:07,741 - httpx - INFO - HTTP Request: POST https://api.telegram.org/bot7728251431:AAEZ3y5HDcNk7nto1IcHu6rsteCr1vMnd38/getUpdates "HTTP/1.1 200 OK"
2025-03-29 23:33:17,925 - httpx - INFO - HTTP Request: POST https://api.telegram.org/bot7728251431:AAEZ3y5HDcNk7nto1IcHu6rsteCr1vMnd38/getUpdates "HTTP/1.1 200 OK"
2025-03-29 23:33:28,111 - httpx - INFO - HTTP Request: POST https://api.telegram.org/bot7728251431:AAEZ3y5HDcNk7nto1IcHu6rsteCr1vMnd38/getUpdates "HTTP/1.1 200 OK"
2025-03-29 23:33:38,296 - httpx - INFO - HTTP Request: POST https://api.telegram.org/bot7728251431:AAEZ3y5HDcNk7nto1IcHu6rsteCr1vMnd38/getUpdates "HTTP/1.1 200 OK"
2025-03-29 23:33:48,481 - httpx - INFO - HTTP Request: POST https://api.telegram.org/bot7728251431:AAEZ3y5HDcNk7nto1IcHu6rsteCr1vMnd38/getUpdates "HTTP/1.1 200 OK"
2025-03-29 23:33:58,667 - httpx - INFO - HTTP Request: POST https://api.telegram.org/bot7728251431:AAEZ3y5HDcNk7nto1IcHu6rsteCr1vMnd38/getUpdates "HTTP/1.1 200 OK"
2025-03-29 23:34:08,852 - httpx - INFO - HTTP Request: POST https://api.telegram.org/bot7728251431:AAEZ3y5HDcNk7nto1IcHu6rsteCr1vMnd38/getUpdates "HTTP/1.1 200 OK"
2025-03-29 23:34:19,038 - httpx - INFO - HTTP Request: POST https://api.telegram.org/bot7728251431:AAEZ3y5HDcNk7nto1IcHu6rsteCr1vMnd38/getUpdates "HTTP/1.1 200 OK"
2025-03-29 23:34:29,223 - httpx - INFO - HTTP Request: POST https://api.telegram.org/bot7728251431:AAEZ3y5HDcNk7nto1IcHu6rsteCr1vMnd38/getUpdates "HTTP/1.1 200 OK"
2025-03-29 23:34:39,413 - httpx - INFO - HTTP Request: POST https://api.telegram.org/bot7728251431:AAEZ3y5HDcNk7nto1IcHu6rsteCr1vMnd38/getUpdates "HTTP/1.1 200 OK"
2025-03-29 23:34:49,599 - httpx - INFO - HTTP Request: POST https://api.telegram.org/bot7728251431:AAEZ3y5HDcNk7nto1IcHu6rsteCr1vMnd38/getUpdates "HTTP/1.1 200 OK"
2025-03-29 23:34:59,784 - httpx - INFO - HTTP Request: POST https://api.telegram.org/bot7728251431:AAEZ3y5HDcNk7nto1IcHu6rsteCr1vMnd38/getUpdates "HTTP/1.1 200 OK"
2025-03-29 23:35:09,969 - httpx - INFO - HTTP Request: POST https://api.telegram.org/bot7728251431:AAEZ3y5HDcNk7nto1IcHu6rsteCr1vMnd38/getUpdates "HTTP/1.1 200 OK"
2025-03-30 07:06:47,211 - httpx - INFO - HTTP Request: POST https://api.telegram.org/bot7728251431:AAEZ3y5HDcNk7nto1IcHu6rsteCr1vMnd38/getMe "HTTP/1.1 200 OK"
2025-03-30 07:06:47,404 - httpx - INFO - HTTP Request: POST https://api.telegram.org/bot7728251431:AAEZ3y5HDcNk7nto1IcHu6rsteCr1vMnd38/deleteWebhook "HTTP/1.1 200 OK"
2025-03-30 07:06:47,406 - telegram.ext.Application - INFO - Application started
2025-03-30 07:06:47,970 - httpx - INFO - HTTP Request: POST https://api.telegram.org/bot7728251431:AAEZ3y5HDcNk7nto1IcHu6rsteCr1vMnd38/getUpdates "HTTP/1.1 200 OK"
2025-03-30 07:06:57,825 - httpx - INFO - HTTP Request: POST https://api.telegram.org/bot7728251431:AAEZ3y5HDcNk7nto1IcHu6rsteCr1vMnd38/getUpdates "HTTP/1.1 200 OK"
2025-03-30 07:07:00,284 - httpx - INFO - HTTP Request: POST https://api.telegram.org/bot7728251431:AAEZ3y5HDcNk7nto1IcHu6rsteCr1vMnd38/getUpdates "HTTP/1.1 200 OK"
2025-03-30 07:07:00,875 - httpx - INFO - HTTP Request: POST https://api.telegram.org/bot7728251431:AAEZ3y5HDcNk7nto1IcHu6rsteCr1vMnd38/sendMessage "HTTP/1.1 200 OK"
2025-03-30 07:07:02,172 - httpx - INFO - HTTP Request: POST https://api.telegram.org/bot7728251431:AAEZ3y5HDcNk7nto1IcHu6rsteCr1vMnd38/getUpdates "HTTP/1.1 200 OK"
2025-03-30 07:07:02,380 - httpx - INFO - HTTP Request: POST https://api.telegram.org/bot7728251431:AAEZ3y5HDcNk7nto1IcHu6rsteCr1vMnd38/sendMessage "HTTP/1.1 200 OK"
2025-03-30 07:07:05,243 - httpx - INFO - HTTP Request: POST https://api.telegram.org/bot7728251431:AAEZ3y5HDcNk7nto1IcHu6rsteCr1vMnd38/getUpdates "HTTP/1.1 200 OK"
2025-03-30 07:07:15,434 - httpx - INFO - HTTP Request: POST https://api.telegram.org/bot7728251431:AAEZ3y5HDcNk7nto1IcHu6rsteCr1vMnd38/getUpdates "HTTP/1.1 200 OK"
2025-03-30 07:07:25,622 - httpx - INFO - HTTP Request: POST https://api.telegram.org/bot7728251431:AAEZ3y5HDcNk7nto1IcHu6rsteCr1vMnd38/getUpdates "HTTP/1.1 200 OK"
2025-03-30 07:07:28,144 - httpx - INFO - HTTP Request: POST https://api.telegram.org/bot7728251431:AAEZ3y5HDcNk7nto1IcHu6rsteCr1vMnd38/getUpdates "HTTP/1.1 200 OK"
2025-03-30 07:07:30,051 - httpx - INFO - HTTP Request: POST https://api.telegram.org/bot7728251431:AAEZ3y5HDcNk7nto1IcHu6rsteCr1vMnd38/getUpdates "HTTP/1.1 200 OK"
2025-03-30 07:07:31,233 - httpx - INFO - HTTP Request: POST https://api.telegram.org/bot7728251431:AAEZ3y5HDcNk7nto1IcHu6rsteCr1vMnd38/getUpdates "HTTP/1.1 200 OK"
2025-03-30 07:07:41,421 - httpx - INFO - HTTP Request: POST https://api.telegram.org/bot7728251431:AAEZ3y5HDcNk7nto1IcHu6rsteCr1vMnd38/getUpdates "HTTP/1.1 200 OK"
2025-03-30 07:07:51,611 - httpx - INFO - HTTP Request: POST https://api.telegram.org/bot7728251431:AAEZ3y5HDcNk7nto1IcHu6rsteCr1vMnd38/getUpdates "HTTP/1.1 200 OK"
2025-03-30 07:08:01,797 - httpx - INFO - HTTP Request: POST https://api.telegram.org/bot7728251431:AAEZ3y5HDcNk7nto1IcHu6rsteCr1vMnd38/getUpdates "HTTP/1.1 200 OK"
2025-03-30 07:08:11,983 - httpx - INFO - HTTP Request: POST https://api.telegram.org/bot7728251431:AAEZ3y5HDcNk7nto1IcHu6rsteCr1vMnd38/getUpdates "HTTP/1.1 200 OK"
2025-03-30 07:08:22,169 - httpx - INFO - HTTP Request: POST https://api.telegram.org/bot7728251431:AAEZ3y5HDcNk7nto1IcHu6rsteCr1vMnd38/getUpdates "HTTP/1.1 200 OK"
2025-03-30 07:08:32,357 - httpx - INFO - HTTP Request: POST https://api.telegram.org/bot7728251431:AAEZ3y5HDcNk7nto1IcHu6rsteCr1vMnd38/getUpdates "HTTP/1.1 200 OK"
2025-04-03 04:29:29,607 - httpx - INFO - HTTP Request: POST https://api.telegram.org/bot7728251431:AAEZ3y5HDcNk7nto1IcHu6rsteCr1vMnd38/getMe "HTTP/1.1 200 OK"
2025-04-03 04:29:29,794 - httpx - INFO - HTTP Request: POST https://api.telegram.org/bot7728251431:AAEZ3y5HDcNk7nto1IcHu6rsteCr1vMnd38/deleteWebhook "HTTP/1.1 200 OK"
2025-04-03 04:29:29,795 - telegram.ext.Application - INFO - Application started
2025-04-03 04:29:30,352 - httpx - INFO - HTTP Request: POST https://api.telegram.org/bot7728251431:AAEZ3y5HDcNk7nto1IcHu6rsteCr1vMnd38/getUpdates "HTTP/1.1 200 OK"
2025-04-03 04:29:30,566 - httpx - INFO - HTTP Request: POST https://api.telegram.org/bot7728251431:AAEZ3y5HDcNk7nto1IcHu6rsteCr1vMnd38/sendMessage "HTTP/1.1 200 OK"
2025-04-03 04:29:30,821 - httpx - INFO - HTTP Request: POST https://api.telegram.org/bot7728251431:AAEZ3y5HDcNk7nto1IcHu6rsteCr1vMnd38/sendMessage "HTTP/1.1 200 OK"
2025-04-03 04:29:40,540 - httpx - INFO - HTTP Request: POST https://api.telegram.org/bot7728251431:AAEZ3y5HDcNk7nto1IcHu6rsteCr1vMnd38/getUpdates "HTTP/1.1 200 OK"
2025-04-03 04:29:50,729 - httpx - INFO - HTTP Request: POST https://api.telegram.org/bot7728251431:AAEZ3y5HDcNk7nto1IcHu6rsteCr1vMnd38/getUpdates "HTTP/1.1 200 OK"
2025-04-03 04:30:00,918 - httpx - INFO - HTTP Request: POST https://api.telegram.org/bot7728251431:AAEZ3y5HDcNk7nto1IcHu6rsteCr1vMnd38/getUpdates "HTTP/1.1 200 OK"
2025-04-03 04:30:11,107 - httpx - INFO - HTTP Request: POST https://api.telegram.org/bot7728251431:AAEZ3y5HDcNk7nto1IcHu6rsteCr1vMnd38/getUpdates "HTTP/1.1 200 OK"
2025-04-03 04:30:21,296 - httpx - INFO - HTTP Request: POST https://api.telegram.org/bot7728251431:AAEZ3y5HDcNk7nto1IcHu6rsteCr1vMnd38/getUpdates "HTTP/1.1 200 OK"
2025-04-03 04:30:31,489 - httpx - INFO - HTTP Request: POST https://api.telegram.org/bot7728251431:AAEZ3y5HDcNk7nto1IcHu6rsteCr1vMnd38/getUpdates "HTTP/1.1 200 OK"
2025-04-03 04:30:41,677 - httpx - INFO - HTTP Request: POST https://api.telegram.org/bot7728251431:AAEZ3y5HDcNk7nto1IcHu6rsteCr1vMnd38/getUpdates "HTTP/1.1 200 OK"
2025-04-03 04:30:51,865 - httpx - INFO - HTTP Request: POST https://api.telegram.org/bot7728251431:AAEZ3y5HDcNk7nto1IcHu6rsteCr1vMnd38/getUpdates "HTTP/1.1 200 OK"
2025-04-03 04:31:02,051 - httpx - INFO - HTTP Request: POST https://api.telegram.org/bot7728251431:AAEZ3y5HDcNk7nto1IcHu6rsteCr1vMnd38/getUpdates "HTTP/1.1 200 OK"
2025-04-03 04:31:12,237 - httpx - INFO - HTTP Request: POST https://api.telegram.org/bot7728251431:AAEZ3y5HDcNk7nto1IcHu6rsteCr1vMnd38/getUpdates "HTTP/1.1 200 OK"
2025-04-03 04:31:22,427 - httpx - INFO - HTTP Request: POST https://api.telegram.org/bot7728251431:AAEZ3y5HDcNk7nto1IcHu6rsteCr1vMnd38/getUpdates "HTTP/1.1 200 OK"
2025-04-03 04:31:32,617 - httpx - INFO - HTTP Request: POST https://api.telegram.org/bot7728251431:AAEZ3y5HDcNk7nto1IcHu6rsteCr1vMnd38/getUpdates "HTTP/1.1 200 OK"
2025-04-03 04:31:42,807 - httpx - INFO - HTTP Request: POST https://api.telegram.org/bot7728251431:AAEZ3y5HDcNk7nto1IcHu6rsteCr1vMnd38/getUpdates "HTTP/1.1 200 OK"
2025-04-03 04:31:52,998 - httpx - INFO - HTTP Request: POST https://api.telegram.org/bot7728251431:AAEZ3y5HDcNk7nto1IcHu6rsteCr1vMnd38/getUpdates "HTTP/1.1 200 OK"
2025-04-03 04:32:03,184 - httpx - INFO - HTTP Request: POST https://api.telegram.org/bot7728251431:AAEZ3y5HDcNk7nto1IcHu6rsteCr1vMnd38/getUpdates "HTTP/1.1 200 OK"
2025-04-03 04:32:13,371 - httpx - INFO - HTTP Request: POST https://api.telegram.org/bot7728251431:AAEZ3y5HDcNk7nto1IcHu6rsteCr1vMnd38/getUpdates "HTTP/1.1 200 OK"
2025-04-03 04:32:23,559 - httpx - INFO - HTTP Request: POST https://api.telegram.org/bot7728251431:AAEZ3y5HDcNk7nto1IcHu6rsteCr1vMnd38/getUpdates "HTTP/1.1 200 OK"
2025-04-03 04:32:33,751 - httpx - INFO - HTTP Request: POST https://api.telegram.org/bot7728251431:AAEZ3y5HDcNk7nto1IcHu6rsteCr1vMnd38/getUpdates "HTTP/1.1 200 OK"
2025-04-03 04:32:43,939 - httpx - INFO - HTTP Request: POST https://api.telegram.org/bot7728251431:AAEZ3y5HDcNk7nto1IcHu6rsteCr1vMnd38/getUpdates "HTTP/1.1 200 OK"
2025-04-03 04:32:54,129 - httpx - INFO - HTTP Request: POST https://api.telegram.org/bot7728251431:AAEZ3y5HDcNk7nto1IcHu6rsteCr1vMnd38/getUpdates "HTTP/1.1 200 OK"
2025-04-03 04:33:04,315 - httpx - INFO - HTTP Request: POST https://api.telegram.org/bot7728251431:AAEZ3y5HDcNk7nto1IcHu6rsteCr1vMnd38/getUpdates "HTTP/1.1 200 OK"
2025-04-03 04:33:14,500 - httpx - INFO - HTTP Request: POST https://api.telegram.org/bot7728251431:AAEZ3y5HDcNk7nto1IcHu6rsteCr1vMnd38/getUpdates "HTTP/1.1 200 OK"
2025-04-03 04:33:24,690 - httpx - INFO - HTTP Request: POST https://api.telegram.org/bot7728251431:AAEZ3y5HDcNk7nto1IcHu6rsteCr1vMnd38/getUpdates "HTTP/1.1 200 OK"
2025-04-03 04:33:34,879 - httpx - INFO - HTTP Request: POST https://api.telegram.org/bot7728251431:AAEZ3y5HDcNk7nto1IcHu6rsteCr1vMnd38/getUpdates "HTTP/1.1 200 OK"
2025-04-03 04:33:45,066 - httpx - INFO - HTTP Request: POST https://api.telegram.org/bot7728251431:AAEZ3y5HDcNk7nto1IcHu6rsteCr1vMnd38/getUpdates "HTTP/1.1 200 OK"
2025-04-03 04:33:55,252 - httpx - INFO - HTTP Request: POST https://api.telegram.org/bot7728251431:AAEZ3y5HDcNk7nto1IcHu6rsteCr1vMnd38/getUpdates "HTTP/1.1 200 OK"
2025-04-03 04:34:05,437 - httpx - INFO - HTTP Request: POST https://api.telegram.org/bot7728251431:AAEZ3y5HDcNk7nto1IcHu6rsteCr1vMnd38/getUpdates "HTTP/1.1 200 OK"
2025-04-03 04:34:15,628 - httpx - INFO - HTTP Request: POST https://api.telegram.org/bot7728251431:AAEZ3y5HDcNk7nto1IcHu6rsteCr1vMnd38/getUpdates "HTTP/1.1 200 OK"
2025-04-03 04:34:20,490 - httpx - INFO - HTTP Request: POST https://api.telegram.org/bot7728251431:AAEZ3y5HDcNk7nto1IcHu6rsteCr1vMnd38/getUpdates "HTTP/1.1 200 OK"
2025-04-03 04:34:30,678 - httpx - INFO - HTTP Request: POST https://api.telegram.org/bot7728251431:AAEZ3y5HDcNk7nto1IcHu6rsteCr1vMnd38/getUpdates "HTTP/1.1 200 OK"
2025-04-03 04:34:40,866 - httpx - INFO - HTTP Request: POST https://api.telegram.org/bot7728251431:AAEZ3y5HDcNk7nto1IcHu6rsteCr1vMnd38/getUpdates "HTTP/1.1 200 OK"
2025-04-03 04:34:51,056 - httpx - INFO - HTTP Request: POST https://api.telegram.org/bot7728251431:AAEZ3y5HDcNk7nto1IcHu6rsteCr1vMnd38/getUpdates "HTTP/1.1 200 OK"
2025-04-03 04:35:01,242 - httpx - INFO - HTTP Request: POST https://api.telegram.org/bot7728251431:AAEZ3y5HDcNk7nto1IcHu6rsteCr1vMnd38/getUpdates "HTTP/1.1 200 OK"
2025-04-03 04:35:11,431 - httpx - INFO - HTTP Request: POST https://api.telegram.org/bot7728251431:AAEZ3y5HDcNk7nto1IcHu6rsteCr1vMnd38/getUpdates "HTTP/1.1 200 OK"
2025-04-03 04:35:21,618 - httpx - INFO - HTTP Request: POST https://api.telegram.org/bot7728251431:AAEZ3y5HDcNk7nto1IcHu6rsteCr1vMnd38/getUpdates "HTTP/1.1 200 OK"
2025-04-03 04:35:31,824 - httpx - INFO - HTTP Request: POST https://api.telegram.org/bot7728251431:AAEZ3y5HDcNk7nto1IcHu6rsteCr1vMnd38/getUpdates "HTTP/1.1 200 OK"
2025-04-03 04:43:33,689 - httpx - INFO - HTTP Request: POST https://api.telegram.org/bot7728251431:AAEZ3y5HDcNk7nto1IcHu6rsteCr1vMnd38/getMe "HTTP/1.1 200 OK"
2025-04-03 04:43:33,877 - httpx - INFO - HTTP Request: POST https://api.telegram.org/bot7728251431:AAEZ3y5HDcNk7nto1IcHu6rsteCr1vMnd38/deleteWebhook "HTTP/1.1 200 OK"
2025-04-03 04:43:33,878 - telegram.ext.Application - INFO - Application started
2025-04-03 04:43:34,435 - httpx - INFO - HTTP Request: POST https://api.telegram.org/bot7728251431:AAEZ3y5HDcNk7nto1IcHu6rsteCr1vMnd38/getUpdates "HTTP/1.1 200 OK"
2025-04-03 04:43:34,686 - httpx - INFO - HTTP Request: POST https://api.telegram.org/bot7728251431:AAEZ3y5HDcNk7nto1IcHu6rsteCr1vMnd38/sendMessage "HTTP/1.1 200 OK"
2025-04-03 04:43:44,623 - httpx - INFO - HTTP Request: POST https://api.telegram.org/bot7728251431:AAEZ3y5HDcNk7nto1IcHu6rsteCr1vMnd38/getUpdates "HTTP/1.1 200 OK"
2025-04-03 04:43:54,809 - httpx - INFO - HTTP Request: POST https://api.telegram.org/bot7728251431:AAEZ3y5HDcNk7nto1IcHu6rsteCr1vMnd38/getUpdates "HTTP/1.1 200 OK"
2025-04-03 04:44:04,994 - httpx - INFO - HTTP Request: POST https://api.telegram.org/bot7728251431:AAEZ3y5HDcNk7nto1IcHu6rsteCr1vMnd38/getUpdates "HTTP/1.1 200 OK"
2025-04-03 04:44:15,181 - httpx - INFO - HTTP Request: POST https://api.telegram.org/bot7728251431:AAEZ3y5HDcNk7nto1IcHu6rsteCr1vMnd38/getUpdates "HTTP/1.1 200 OK"
2025-04-03 04:44:25,366 - httpx - INFO - HTTP Request: POST https://api.telegram.org/bot7728251431:AAEZ3y5HDcNk7nto1IcHu6rsteCr1vMnd38/getUpdates "HTTP/1.1 200 OK"
2025-04-03 04:44:35,551 - httpx - INFO - HTTP Request: POST https://api.telegram.org/bot7728251431:AAEZ3y5HDcNk7nto1IcHu6rsteCr1vMnd38/getUpdates "HTTP/1.1 200 OK"
2025-04-03 04:44:45,737 - httpx - INFO - HTTP Request: POST https://api.telegram.org/bot7728251431:AAEZ3y5HDcNk7nto1IcHu6rsteCr1vMnd38/getUpdates "HTTP/1.1 200 OK"
2025-04-04 18:33:49,004 - httpx - INFO - HTTP Request: POST https://api.telegram.org/bot7728251431:AAEZ3y5HDcNk7nto1IcHu6rsteCr1vMnd38/getMe "HTTP/1.1 200 OK"
2025-04-04 18:33:49,189 - httpx - INFO - HTTP Request: POST https://api.telegram.org/bot7728251431:AAEZ3y5HDcNk7nto1IcHu6rsteCr1vMnd38/deleteWebhook "HTTP/1.1 200 OK"
2025-04-04 18:33:49,191 - telegram.ext.Application - INFO - Application started
2025-04-04 18:33:49,759 - httpx - INFO - HTTP Request: POST https://api.telegram.org/bot7728251431:AAEZ3y5HDcNk7nto1IcHu6rsteCr1vMnd38/getUpdates "HTTP/1.1 200 OK"
2025-04-04 18:33:49,995 - httpx - INFO - HTTP Request: POST https://api.telegram.org/bot7728251431:AAEZ3y5HDcNk7nto1IcHu6rsteCr1vMnd38/sendMessage "HTTP/1.1 200 OK"
2025-04-04 18:33:59,950 - httpx - INFO - HTTP Request: POST https://api.telegram.org/bot7728251431:AAEZ3y5HDcNk7nto1IcHu6rsteCr1vMnd38/getUpdates "HTTP/1.1 200 OK"
2025-04-04 18:34:10,140 - httpx - INFO - HTTP Request: POST https://api.telegram.org/bot7728251431:AAEZ3y5HDcNk7nto1IcHu6rsteCr1vMnd38/getUpdates "HTTP/1.1 200 OK"
2025-04-04 18:34:20,348 - httpx - INFO - HTTP Request: POST https://api.telegram.org/bot7728251431:AAEZ3y5HDcNk7nto1IcHu6rsteCr1vMnd38/getUpdates "HTTP/1.1 200 OK"
2025-04-04 18:34:30,535 - httpx - INFO - HTTP Request: POST https://api.telegram.org/bot7728251431:AAEZ3y5HDcNk7nto1IcHu6rsteCr1vMnd38/getUpdates "HTTP/1.1 200 OK"
2025-04-04 18:34:40,727 - httpx - INFO - HTTP Request: POST https://api.telegram.org/bot7728251431:AAEZ3y5HDcNk7nto1IcHu6rsteCr1vMnd38/getUpdates "HTTP/1.1 200 OK"
2025-04-04 18:34:50,919 - httpx - INFO - HTTP Request: POST https://api.telegram.org/bot7728251431:AAEZ3y5HDcNk7nto1IcHu6rsteCr1vMnd38/getUpdates "HTTP/1.1 200 OK"
2025-04-04 18:35:01,110 - httpx - INFO - HTTP Request: POST https://api.telegram.org/bot7728251431:AAEZ3y5HDcNk7nto1IcHu6rsteCr1vMnd38/getUpdates "HTTP/1.1 200 OK"
2025-04-04 18:35:11,302 - httpx - INFO - HTTP Request: POST https://api.telegram.org/bot7728251431:AAEZ3y5HDcNk7nto1IcHu6rsteCr1vMnd38/getUpdates "HTTP/1.1 200 OK"
2025-04-04 18:35:21,490 - httpx - INFO - HTTP Request: POST https://api.telegram.org/bot7728251431:AAEZ3y5HDcNk7nto1IcHu6rsteCr1vMnd38/getUpdates "HTTP/1.1 200 OK"
2025-04-04 18:35:31,679 - httpx - INFO - HTTP Request: POST https://api.telegram.org/bot7728251431:AAEZ3y5HDcNk7nto1IcHu6rsteCr1vMnd38/getUpdates "HTTP/1.1 200 OK"
2025-04-04 18:35:41,867 - httpx - INFO - HTTP Request: POST https://api.telegram.org/bot7728251431:AAEZ3y5HDcNk7nto1IcHu6rsteCr1vMnd38/getUpdates "HTTP/1.1 200 OK"
2025-04-04 18:35:52,054 - httpx - INFO - HTTP Request: POST https://api.telegram.org/bot7728251431:AAEZ3y5HDcNk7nto1IcHu6rsteCr1vMnd38/getUpdates "HTTP/1.1 200 OK"
2025-04-04 18:36:02,243 - httpx - INFO - HTTP Request: POST https://api.telegram.org/bot7728251431:AAEZ3y5HDcNk7nto1IcHu6rsteCr1vMnd38/getUpdates "HTTP/1.1 200 OK"
2025-04-04 18:36:12,431 - httpx - INFO - HTTP Request: POST https://api.telegram.org/bot7728251431:AAEZ3y5HDcNk7nto1IcHu6rsteCr1vMnd38/getUpdates "HTTP/1.1 200 OK"
2025-04-04 18:36:22,618 - httpx - INFO - HTTP Request: POST https://api.telegram.org/bot7728251431:AAEZ3y5HDcNk7nto1IcHu6rsteCr1vMnd38/getUpdates "HTTP/1.1 200 OK"
2025-04-04 18:36:32,808 - httpx - INFO - HTTP Request: POST https://api.telegram.org/bot7728251431:AAEZ3y5HDcNk7nto1IcHu6rsteCr1vMnd38/getUpdates "HTTP/1.1 200 OK"
2025-04-04 18:36:43,003 - httpx - INFO - HTTP Request: POST https://api.telegram.org/bot7728251431:AAEZ3y5HDcNk7nto1IcHu6rsteCr1vMnd38/getUpdates "HTTP/1.1 200 OK"
2025-04-04 18:36:53,189 - httpx - INFO - HTTP Request: POST https://api.telegram.org/bot7728251431:AAEZ3y5HDcNk7nto1IcHu6rsteCr1vMnd38/getUpdates "HTTP/1.1 200 OK"
2025-04-04 18:37:03,377 - httpx - INFO - HTTP Request: POST https://api.telegram.org/bot7728251431:AAEZ3y5HDcNk7nto1IcHu6rsteCr1vMnd38/getUpdates "HTTP/1.1 200 OK"
2025-04-04 18:37:13,570 - httpx - INFO - HTTP Request: POST https://api.telegram.org/bot7728251431:AAEZ3y5HDcNk7nto1IcHu6rsteCr1vMnd38/getUpdates "HTTP/1.1 200 OK"
2025-04-04 18:37:23,760 - httpx - INFO - HTTP Request: POST https://api.telegram.org/bot7728251431:AAEZ3y5HDcNk7nto1IcHu6rsteCr1vMnd38/getUpdates "HTTP/1.1 200 OK"
2025-04-04 18:37:33,955 - httpx - INFO - HTTP Request: POST https://api.telegram.org/bot7728251431:AAEZ3y5HDcNk7nto1IcHu6rsteCr1vMnd38/getUpdates "HTTP/1.1 200 OK"
2025-04-04 18:37:44,145 - httpx - INFO - HTTP Request: POST https://api.telegram.org/bot7728251431:AAEZ3y5HDcNk7nto1IcHu6rsteCr1vMnd38/getUpdates "HTTP/1.1 200 OK"
2025-04-04 18:37:54,336 - httpx - INFO - HTTP Request: POST https://api.telegram.org/bot7728251431:AAEZ3y5HDcNk7nto1IcHu6rsteCr1vMnd38/getUpdates "HTTP/1.1 200 OK"
2025-04-04 18:38:04,523 - httpx - INFO - HTTP Request: POST https://api.telegram.org/bot7728251431:AAEZ3y5HDcNk7nto1IcHu6rsteCr1vMnd38/getUpdates "HTTP/1.1 200 OK"
2025-04-04 18:38:14,718 - httpx - INFO - HTTP Request: POST https://api.telegram.org/bot7728251431:AAEZ3y5HDcNk7nto1IcHu6rsteCr1vMnd38/getUpdates "HTTP/1.1 200 OK"
2025-04-04 18:38:24,911 - httpx - INFO - HTTP Request: POST https://api.telegram.org/bot7728251431:AAEZ3y5HDcNk7nto1IcHu6rsteCr1vMnd38/getUpdates "HTTP/1.1 200 OK"
2025-04-04 18:38:35,099 - httpx - INFO - HTTP Request: POST https://api.telegram.org/bot7728251431:AAEZ3y5HDcNk7nto1IcHu6rsteCr1vMnd38/getUpdates "HTTP/1.1 200 OK"
2025-04-04 18:38:45,291 - httpx - INFO - HTTP Request: POST https://api.telegram.org/bot7728251431:AAEZ3y5HDcNk7nto1IcHu6rsteCr1vMnd38/getUpdates "HTTP/1.1 200 OK"
2025-04-04 18:38:55,480 - httpx - INFO - HTTP Request: POST https://api.telegram.org/bot7728251431:AAEZ3y5HDcNk7nto1IcHu6rsteCr1vMnd38/getUpdates "HTTP/1.1 200 OK"
2025-04-04 18:39:05,683 - httpx - INFO - HTTP Request: POST https://api.telegram.org/bot7728251431:AAEZ3y5HDcNk7nto1IcHu6rsteCr1vMnd38/getUpdates "HTTP/1.1 200 OK"
2025-04-04 18:39:15,871 - httpx - INFO - HTTP Request: POST https://api.telegram.org/bot7728251431:AAEZ3y5HDcNk7nto1IcHu6rsteCr1vMnd38/getUpdates "HTTP/1.1 200 OK"
2025-04-04 18:39:26,061 - httpx - INFO - HTTP Request: POST https://api.telegram.org/bot7728251431:AAEZ3y5HDcNk7nto1IcHu6rsteCr1vMnd38/getUpdates "HTTP/1.1 200 OK"
2025-04-04 18:39:36,248 - httpx - INFO - HTTP Request: POST https://api.telegram.org/bot7728251431:AAEZ3y5HDcNk7nto1IcHu6rsteCr1vMnd38/getUpdates "HTTP/1.1 200 OK"
2025-04-04 18:39:46,433 - httpx - INFO - HTTP Request: POST https://api.telegram.org/bot7728251431:AAEZ3y5HDcNk7nto1IcHu6rsteCr1vMnd38/getUpdates "HTTP/1.1 200 OK"
2025-04-04 18:39:56,621 - httpx - INFO - HTTP Request: POST https://api.telegram.org/bot7728251431:AAEZ3y5HDcNk7nto1IcHu6rsteCr1vMnd38/getUpdates "HTTP/1.1 200 OK"
2025-04-04 18:40:06,811 - httpx - INFO - HTTP Request: POST https://api.telegram.org/bot7728251431:AAEZ3y5HDcNk7nto1IcHu6rsteCr1vMnd38/getUpdates "HTTP/1.1 200 OK"
2025-04-04 18:40:16,997 - httpx - INFO - HTTP Request: POST https://api.telegram.org/bot7728251431:AAEZ3y5HDcNk7nto1IcHu6rsteCr1vMnd38/getUpdates "HTTP/1.1 200 OK"
2025-04-04 18:40:27,184 - httpx - INFO - HTTP Request: POST https://api.telegram.org/bot7728251431:AAEZ3y5HDcNk7nto1IcHu6rsteCr1vMnd38/getUpdates "HTTP/1.1 200 OK"
2025-04-04 18:40:37,372 - httpx - INFO - HTTP Request: POST https://api.telegram.org/bot7728251431:AAEZ3y5HDcNk7nto1IcHu6rsteCr1vMnd38/getUpdates "HTTP/1.1 200 OK"
2025-04-04 18:40:47,562 - httpx - INFO - HTTP Request: POST https://api.telegram.org/bot7728251431:AAEZ3y5HDcNk7nto1IcHu6rsteCr1vMnd38/getUpdates "HTTP/1.1 200 OK"
2025-04-04 18:40:57,748 - httpx - INFO - HTTP Request: POST https://api.telegram.org/bot7728251431:AAEZ3y5HDcNk7nto1IcHu6rsteCr1vMnd38/getUpdates "HTTP/1.1 200 OK"
2025-04-04 18:41:07,933 - httpx - INFO - HTTP Request: POST https://api.telegram.org/bot7728251431:AAEZ3y5HDcNk7nto1IcHu6rsteCr1vMnd38/getUpdates "HTTP/1.1 200 OK"
2025-04-04 18:41:18,121 - httpx - INFO - HTTP Request: POST https://api.telegram.org/bot7728251431:AAEZ3y5HDcNk7nto1IcHu6rsteCr1vMnd38/getUpdates "HTTP/1.1 200 OK"
2025-04-04 18:41:28,308 - httpx - INFO - HTTP Request: POST https://api.telegram.org/bot7728251431:AAEZ3y5HDcNk7nto1IcHu6rsteCr1vMnd38/getUpdates "HTTP/1.1 200 OK"
2025-04-04 18:41:38,497 - httpx - INFO - HTTP Request: POST https://api.telegram.org/bot7728251431:AAEZ3y5HDcNk7nto1IcHu6rsteCr1vMnd38/getUpdates "HTTP/1.1 200 OK"
2025-04-04 18:41:48,685 - httpx - INFO - HTTP Request: POST https://api.telegram.org/bot7728251431:AAEZ3y5HDcNk7nto1IcHu6rsteCr1vMnd38/getUpdates "HTTP/1.1 200 OK"
2025-04-04 18:41:58,872 - httpx - INFO - HTTP Request: POST https://api.telegram.org/bot7728251431:AAEZ3y5HDcNk7nto1IcHu6rsteCr1vMnd38/getUpdates "HTTP/1.1 200 OK"
2025-04-04 18:42:09,058 - httpx - INFO - HTTP Request: POST https://api.telegram.org/bot7728251431:AAEZ3y5HDcNk7nto1IcHu6rsteCr1vMnd38/getUpdates "HTTP/1.1 200 OK"
2025-04-04 18:42:19,259 - httpx - INFO - HTTP Request: POST https://api.telegram.org/bot7728251431:AAEZ3y5HDcNk7nto1IcHu6rsteCr1vMnd38/getUpdates "HTTP/1.1 200 OK"
2025-04-04 18:42:29,452 - httpx - INFO - HTTP Request: POST https://api.telegram.org/bot7728251431:AAEZ3y5HDcNk7nto1IcHu6rsteCr1vMnd38/getUpdates "HTTP/1.1 200 OK"
2025-04-04 18:42:39,642 - httpx - INFO - HTTP Request: POST https://api.telegram.org/bot7728251431:AAEZ3y5HDcNk7nto1IcHu6rsteCr1vMnd38/getUpdates "HTTP/1.1 200 OK"
2025-04-04 18:42:49,832 - httpx - INFO - HTTP Request: POST https://api.telegram.org/bot7728251431:AAEZ3y5HDcNk7nto1IcHu6rsteCr1vMnd38/getUpdates "HTTP/1.1 200 OK"
2025-04-04 18:43:00,017 - httpx - INFO - HTTP Request: POST https://api.telegram.org/bot7728251431:AAEZ3y5HDcNk7nto1IcHu6rsteCr1vMnd38/getUpdates "HTTP/1.1 200 OK"
2025-04-04 18:43:10,203 - httpx - INFO - HTTP Request: POST https://api.telegram.org/bot7728251431:AAEZ3y5HDcNk7nto1IcHu6rsteCr1vMnd38/getUpdates "HTTP/1.1 200 OK"
2025-04-04 18:43:20,389 - httpx - INFO - HTTP Request: POST https://api.telegram.org/bot7728251431:AAEZ3y5HDcNk7nto1IcHu6rsteCr1vMnd38/getUpdates "HTTP/1.1 200 OK"
2025-04-04 18:43:30,579 - httpx - INFO - HTTP Request: POST https://api.telegram.org/bot7728251431:AAEZ3y5HDcNk7nto1IcHu6rsteCr1vMnd38/getUpdates "HTTP/1.1 200 OK"
2025-04-04 18:43:40,766 - httpx - INFO - HTTP Request: POST https://api.telegram.org/bot7728251431:AAEZ3y5HDcNk7nto1IcHu6rsteCr1vMnd38/getUpdates "HTTP/1.1 200 OK"
2025-04-04 18:43:50,954 - httpx - INFO - HTTP Request: POST https://api.telegram.org/bot7728251431:AAEZ3y5HDcNk7nto1IcHu6rsteCr1vMnd38/getUpdates "HTTP/1.1 200 OK"
2025-04-04 18:44:01,146 - httpx - INFO - HTTP Request: POST https://api.telegram.org/bot7728251431:AAEZ3y5HDcNk7nto1IcHu6rsteCr1vMnd38/getUpdates "HTTP/1.1 200 OK"
2025-04-04 18:44:11,334 - httpx - INFO - HTTP Request: POST https://api.telegram.org/bot7728251431:AAEZ3y5HDcNk7nto1IcHu6rsteCr1vMnd38/getUpdates "HTTP/1.1 200 OK"
2025-04-04 18:44:21,522 - httpx - INFO - HTTP Request: POST https://api.telegram.org/bot7728251431:AAEZ3y5HDcNk7nto1IcHu6rsteCr1vMnd38/getUpdates "HTTP/1.1 200 OK"
2025-04-04 18:44:31,729 - httpx - INFO - HTTP Request: POST https://api.telegram.org/bot7728251431:AAEZ3y5HDcNk7nto1IcHu6rsteCr1vMnd38/getUpdates "HTTP/1.1 200 OK"
2025-04-04 18:44:41,918 - httpx - INFO - HTTP Request: POST https://api.telegram.org/bot7728251431:AAEZ3y5HDcNk7nto1IcHu6rsteCr1vMnd38/getUpdates "HTTP/1.1 200 OK"
2025-04-04 18:44:52,110 - httpx - INFO - HTTP Request: POST https://api.telegram.org/bot7728251431:AAEZ3y5HDcNk7nto1IcHu6rsteCr1vMnd38/getUpdates "HTTP/1.1 200 OK"
2025-04-04 18:45:02,300 - httpx - INFO - HTTP Request: POST https://api.telegram.org/bot7728251431:AAEZ3y5HDcNk7nto1IcHu6rsteCr1vMnd38/getUpdates "HTTP/1.1 200 OK"
2025-04-04 18:45:12,486 - httpx - INFO - HTTP Request: POST https://api.telegram.org/bot7728251431:AAEZ3y5HDcNk7nto1IcHu6rsteCr1vMnd38/getUpdates "HTTP/1.1 200 OK"
2025-04-04 18:45:22,678 - httpx - INFO - HTTP Request: POST https://api.telegram.org/bot7728251431:AAEZ3y5HDcNk7nto1IcHu6rsteCr1vMnd38/getUpdates "HTTP/1.1 200 OK"
2025-04-04 18:45:32,938 - httpx - INFO - HTTP Request: POST https://api.telegram.org/bot7728251431:AAEZ3y5HDcNk7nto1IcHu6rsteCr1vMnd38/getUpdates "HTTP/1.1 200 OK"
2025-04-04 18:45:43,124 - httpx - INFO - HTTP Request: POST https://api.telegram.org/bot7728251431:AAEZ3y5HDcNk7nto1IcHu6rsteCr1vMnd38/getUpdates "HTTP/1.1 200 OK"
2025-04-04 18:45:53,310 - httpx - INFO - HTTP Request: POST https://api.telegram.org/bot7728251431:AAEZ3y5HDcNk7nto1IcHu6rsteCr1vMnd38/getUpdates "HTTP/1.1 200 OK"
2025-04-04 18:46:03,499 - httpx - INFO - HTTP Request: POST https://api.telegram.org/bot7728251431:AAEZ3y5HDcNk7nto1IcHu6rsteCr1vMnd38/getUpdates "HTTP/1.1 200 OK"
2025-04-04 18:46:11,284 - httpx - INFO - HTTP Request: POST https://api.telegram.org/bot7728251431:AAEZ3y5HDcNk7nto1IcHu6rsteCr1vMnd38/getUpdates "HTTP/1.1 200 OK"
2025-04-04 18:46:11,869 - httpx - INFO - HTTP Request: POST https://api.telegram.org/bot7728251431:AAEZ3y5HDcNk7nto1IcHu6rsteCr1vMnd38/sendMessage "HTTP/1.1 200 OK"
2025-04-04 18:46:21,472 - httpx - INFO - HTTP Request: POST https://api.telegram.org/bot7728251431:AAEZ3y5HDcNk7nto1IcHu6rsteCr1vMnd38/getUpdates "HTTP/1.1 200 OK"
2025-04-04 18:46:31,663 - httpx - INFO - HTTP Request: POST https://api.telegram.org/bot7728251431:AAEZ3y5HDcNk7nto1IcHu6rsteCr1vMnd38/getUpdates "HTTP/1.1 200 OK"
2025-04-04 18:46:41,848 - httpx - INFO - HTTP Request: POST https://api.telegram.org/bot7728251431:AAEZ3y5HDcNk7nto1IcHu6rsteCr1vMnd38/getUpdates "HTTP/1.1 200 OK"
2025-04-04 18:46:52,040 - httpx - INFO - HTTP Request: POST https://api.telegram.org/bot7728251431:AAEZ3y5HDcNk7nto1IcHu6rsteCr1vMnd38/getUpdates "HTTP/1.1 200 OK"
2025-04-04 18:47:02,228 - httpx - INFO - HTTP Request: POST https://api.telegram.org/bot7728251431:AAEZ3y5HDcNk7nto1IcHu6rsteCr1vMnd38/getUpdates "HTTP/1.1 200 OK"
2025-04-04 18:47:12,415 - httpx - INFO - HTTP Request: POST https://api.telegram.org/bot7728251431:AAEZ3y5HDcNk7nto1IcHu6rsteCr1vMnd38/getUpdates "HTTP/1.1 200 OK"
2025-04-04 18:47:22,606 - httpx - INFO - HTTP Request: POST https://api.telegram.org/bot7728251431:AAEZ3y5HDcNk7nto1IcHu6rsteCr1vMnd38/getUpdates "HTTP/1.1 200 OK"
2025-04-04 18:47:32,795 - httpx - INFO - HTTP Request: POST https://api.telegram.org/bot7728251431:AAEZ3y5HDcNk7nto1IcHu6rsteCr1vMnd38/getUpdates "HTTP/1.1 200 OK"
2025-04-04 18:47:42,984 - httpx - INFO - HTTP Request: POST https://api.telegram.org/bot7728251431:AAEZ3y5HDcNk7nto1IcHu6rsteCr1vMnd38/getUpdates "HTTP/1.1 200 OK"
2025-04-04 18:47:53,170 - httpx - INFO - HTTP Request: POST https://api.telegram.org/bot7728251431:AAEZ3y5HDcNk7nto1IcHu6rsteCr1vMnd38/getUpdates "HTTP/1.1 200 OK"
2025-04-04 18:48:03,358 - httpx - INFO - HTTP Request: POST https://api.telegram.org/bot7728251431:AAEZ3y5HDcNk7nto1IcHu6rsteCr1vMnd38/getUpdates "HTTP/1.1 200 OK"
2025-04-04 18:48:13,548 - httpx - INFO - HTTP Request: POST https://api.telegram.org/bot7728251431:AAEZ3y5HDcNk7nto1IcHu6rsteCr1vMnd38/getUpdates "HTTP/1.1 200 OK"
2025-04-04 18:48:23,735 - httpx - INFO - HTTP Request: POST https://api.telegram.org/bot7728251431:AAEZ3y5HDcNk7nto1IcHu6rsteCr1vMnd38/getUpdates "HTTP/1.1 200 OK"
2025-04-04 18:48:33,922 - httpx - INFO - HTTP Request: POST https://api.telegram.org/bot7728251431:AAEZ3y5HDcNk7nto1IcHu6rsteCr1vMnd38/getUpdates "HTTP/1.1 200 OK"
2025-04-04 18:48:44,111 - httpx - INFO - HTTP Request: POST https://api.telegram.org/bot7728251431:AAEZ3y5HDcNk7nto1IcHu6rsteCr1vMnd38/getUpdates "HTTP/1.1 200 OK"
2025-04-04 18:48:54,300 - httpx - INFO - HTTP Request: POST https://api.telegram.org/bot7728251431:AAEZ3y5HDcNk7nto1IcHu6rsteCr1vMnd38/getUpdates "HTTP/1.1 200 OK"
2025-04-04 18:49:04,496 - httpx - INFO - HTTP Request: POST https://api.telegram.org/bot7728251431:AAEZ3y5HDcNk7nto1IcHu6rsteCr1vMnd38/getUpdates "HTTP/1.1 200 OK"
2025-04-04 18:49:14,686 - httpx - INFO - HTTP Request: POST https://api.telegram.org/bot7728251431:AAEZ3y5HDcNk7nto1IcHu6rsteCr1vMnd38/getUpdates "HTTP/1.1 200 OK"
2025-04-04 18:49:24,877 - httpx - INFO - HTTP Request: POST https://api.telegram.org/bot7728251431:AAEZ3y5HDcNk7nto1IcHu6rsteCr1vMnd38/getUpdates "HTTP/1.1 200 OK"
2025-04-04 18:49:35,063 - httpx - INFO - HTTP Request: POST https://api.telegram.org/bot7728251431:AAEZ3y5HDcNk7nto1IcHu6rsteCr1vMnd38/getUpdates "HTTP/1.1 200 OK"
2025-04-04 18:49:45,249 - httpx - INFO - HTTP Request: POST https://api.telegram.org/bot7728251431:AAEZ3y5HDcNk7nto1IcHu6rsteCr1vMnd38/getUpdates "HTTP/1.1 200 OK"
2025-04-04 18:49:55,436 - httpx - INFO - HTTP Request: POST https://api.telegram.org/bot7728251431:AAEZ3y5HDcNk7nto1IcHu6rsteCr1vMnd38/getUpdates "HTTP/1.1 200 OK"
2025-04-04 18:50:05,625 - httpx - INFO - HTTP Request: POST https://api.telegram.org/bot7728251431:AAEZ3y5HDcNk7nto1IcHu6rsteCr1vMnd38/getUpdates "HTTP/1.1 200 OK"
2025-04-04 18:50:15,821 - httpx - INFO - HTTP Request: POST https://api.telegram.org/bot7728251431:AAEZ3y5HDcNk7nto1IcHu6rsteCr1vMnd38/getUpdates "HTTP/1.1 200 OK"
2025-04-04 18:50:26,009 - httpx - INFO - HTTP Request: POST https://api.telegram.org/bot7728251431:AAEZ3y5HDcNk7nto1IcHu6rsteCr1vMnd38/getUpdates "HTTP/1.1 200 OK"
2025-04-04 18:50:36,198 - httpx - INFO - HTTP Request: POST https://api.telegram.org/bot7728251431:AAEZ3y5HDcNk7nto1IcHu6rsteCr1vMnd38/getUpdates "HTTP/1.1 200 OK"
2025-04-04 18:50:46,765 - httpx - INFO - HTTP Request: POST https://api.telegram.org/bot7728251431:AAEZ3y5HDcNk7nto1IcHu6rsteCr1vMnd38/getUpdates "HTTP/1.1 200 OK"
2025-04-04 18:50:56,952 - httpx - INFO - HTTP Request: POST https://api.telegram.org/bot7728251431:AAEZ3y5HDcNk7nto1IcHu6rsteCr1vMnd38/getUpdates "HTTP/1.1 200 OK"
2025-04-04 18:51:07,139 - httpx - INFO - HTTP Request: POST https://api.telegram.org/bot7728251431:AAEZ3y5HDcNk7nto1IcHu6rsteCr1vMnd38/getUpdates "HTTP/1.1 200 OK"
2025-04-04 18:51:17,327 - httpx - INFO - HTTP Request: POST https://api.telegram.org/bot7728251431:AAEZ3y5HDcNk7nto1IcHu6rsteCr1vMnd38/getUpdates "HTTP/1.1 200 OK"
2025-04-04 18:51:27,524 - httpx - INFO - HTTP Request: POST https://api.telegram.org/bot7728251431:AAEZ3y5HDcNk7nto1IcHu6rsteCr1vMnd38/getUpdates "HTTP/1.1 200 OK"
2025-04-04 18:51:37,711 - httpx - INFO - HTTP Request: POST https://api.telegram.org/bot7728251431:AAEZ3y5HDcNk7nto1IcHu6rsteCr1vMnd38/getUpdates "HTTP/1.1 200 OK"
2025-04-04 18:51:47,897 - httpx - INFO - HTTP Request: POST https://api.telegram.org/bot7728251431:AAEZ3y5HDcNk7nto1IcHu6rsteCr1vMnd38/getUpdates "HTTP/1.1 200 OK"
2025-04-04 18:51:58,083 - httpx - INFO - HTTP Request: POST https://api.telegram.org/bot7728251431:AAEZ3y5HDcNk7nto1IcHu6rsteCr1vMnd38/getUpdates "HTTP/1.1 200 OK"
2025-04-04 18:52:08,269 - httpx - INFO - HTTP Request: POST https://api.telegram.org/bot7728251431:AAEZ3y5HDcNk7nto1IcHu6rsteCr1vMnd38/getUpdates "HTTP/1.1 200 OK"
2025-04-04 18:52:18,457 - httpx - INFO - HTTP Request: POST https://api.telegram.org/bot7728251431:AAEZ3y5HDcNk7nto1IcHu6rsteCr1vMnd38/getUpdates "HTTP/1.1 200 OK"
2025-04-04 18:52:28,643 - httpx - INFO - HTTP Request: POST https://api.telegram.org/bot7728251431:AAEZ3y5HDcNk7nto1IcHu6rsteCr1vMnd38/getUpdates "HTTP/1.1 200 OK"
2025-04-04 18:52:38,832 - httpx - INFO - HTTP Request: POST https://api.telegram.org/bot7728251431:AAEZ3y5HDcNk7nto1IcHu6rsteCr1vMnd38/getUpdates "HTTP/1.1 200 OK"
2025-04-04 18:52:49,018 - httpx - INFO - HTTP Request: POST https://api.telegram.org/bot7728251431:AAEZ3y5HDcNk7nto1IcHu6rsteCr1vMnd38/getUpdates "HTTP/1.1 200 OK"
2025-04-04 18:52:59,205 - httpx - INFO - HTTP Request: POST https://api.telegram.org/bot7728251431:AAEZ3y5HDcNk7nto1IcHu6rsteCr1vMnd38/getUpdates "HTTP/1.1 200 OK"
2025-04-04 18:53:09,391 - httpx - INFO - HTTP Request: POST https://api.telegram.org/bot7728251431:AAEZ3y5HDcNk7nto1IcHu6rsteCr1vMnd38/getUpdates "HTTP/1.1 200 OK"
2025-04-04 18:53:19,578 - httpx - INFO - HTTP Request: POST https://api.telegram.org/bot7728251431:AAEZ3y5HDcNk7nto1IcHu6rsteCr1vMnd38/getUpdates "HTTP/1.1 200 OK"
2025-04-04 18:53:29,782 - httpx - INFO - HTTP Request: POST https://api.telegram.org/bot7728251431:AAEZ3y5HDcNk7nto1IcHu6rsteCr1vMnd38/getUpdates "HTTP/1.1 200 OK"
2025-04-04 18:53:39,969 - httpx - INFO - HTTP Request: POST https://api.telegram.org/bot7728251431:AAEZ3y5HDcNk7nto1IcHu6rsteCr1vMnd38/getUpdates "HTTP/1.1 200 OK"
2025-04-04 18:53:50,157 - httpx - INFO - HTTP Request: POST https://api.telegram.org/bot7728251431:AAEZ3y5HDcNk7nto1IcHu6rsteCr1vMnd38/getUpdates "HTTP/1.1 200 OK"
2025-04-04 18:54:00,346 - httpx - INFO - HTTP Request: POST https://api.telegram.org/bot7728251431:AAEZ3y5HDcNk7nto1IcHu6rsteCr1vMnd38/getUpdates "HTTP/1.1 200 OK"
2025-04-04 18:54:10,534 - httpx - INFO - HTTP Request: POST https://api.telegram.org/bot7728251431:AAEZ3y5HDcNk7nto1IcHu6rsteCr1vMnd38/getUpdates "HTTP/1.1 200 OK"
2025-04-04 18:54:20,723 - httpx - INFO - HTTP Request: POST https://api.telegram.org/bot7728251431:AAEZ3y5HDcNk7nto1IcHu6rsteCr1vMnd38/getUpdates "HTTP/1.1 200 OK"
2025-04-04 18:54:30,915 - httpx - INFO - HTTP Request: POST https://api.telegram.org/bot7728251431:AAEZ3y5HDcNk7nto1IcHu6rsteCr1vMnd38/getUpdates "HTTP/1.1 200 OK"
2025-04-04 18:54:41,103 - httpx - INFO - HTTP Request: POST https://api.telegram.org/bot7728251431:AAEZ3y5HDcNk7nto1IcHu6rsteCr1vMnd38/getUpdates "HTTP/1.1 200 OK"
2025-04-04 18:54:51,313 - httpx - INFO - HTTP Request: POST https://api.telegram.org/bot7728251431:AAEZ3y5HDcNk7nto1IcHu6rsteCr1vMnd38/getUpdates "HTTP/1.1 200 OK"
2025-04-04 18:55:01,501 - httpx - INFO - HTTP Request: POST https://api.telegram.org/bot7728251431:AAEZ3y5HDcNk7nto1IcHu6rsteCr1vMnd38/getUpdates "HTTP/1.1 200 OK"
2025-04-04 18:55:11,689 - httpx - INFO - HTTP Request: POST https://api.telegram.org/bot7728251431:AAEZ3y5HDcNk7nto1IcHu6rsteCr1vMnd38/getUpdates "HTTP/1.1 200 OK"
2025-04-04 18:55:21,877 - httpx - INFO - HTTP Request: POST https://api.telegram.org/bot7728251431:AAEZ3y5HDcNk7nto1IcHu6rsteCr1vMnd38/getUpdates "HTTP/1.1 200 OK"
2025-04-04 18:55:32,064 - httpx - INFO - HTTP Request: POST https://api.telegram.org/bot7728251431:AAEZ3y5HDcNk7nto1IcHu6rsteCr1vMnd38/getUpdates "HTTP/1.1 200 OK"
2025-04-04 18:55:42,252 - httpx - INFO - HTTP Request: POST https://api.telegram.org/bot7728251431:AAEZ3y5HDcNk7nto1IcHu6rsteCr1vMnd38/getUpdates "HTTP/1.1 200 OK"
2025-04-04 18:55:52,440 - httpx - INFO - HTTP Request: POST https://api.telegram.org/bot7728251431:AAEZ3y5HDcNk7nto1IcHu6rsteCr1vMnd38/getUpdates "HTTP/1.1 200 OK"
2025-04-04 18:56:02,629 - httpx - INFO - HTTP Request: POST https://api.telegram.org/bot7728251431:AAEZ3y5HDcNk7nto1IcHu6rsteCr1vMnd38/getUpdates "HTTP/1.1 200 OK"
2025-04-04 18:56:12,816 - httpx - INFO - HTTP Request: POST https://api.telegram.org/bot7728251431:AAEZ3y5HDcNk7nto1IcHu6rsteCr1vMnd38/getUpdates "HTTP/1.1 200 OK"
2025-04-04 18:56:23,005 - httpx - INFO - HTTP Request: POST https://api.telegram.org/bot7728251431:AAEZ3y5HDcNk7nto1IcHu6rsteCr1vMnd38/getUpdates "HTTP/1.1 200 OK"
2025-04-04 18:56:33,193 - httpx - INFO - HTTP Request: POST https://api.telegram.org/bot7728251431:AAEZ3y5HDcNk7nto1IcHu6rsteCr1vMnd38/getUpdates "HTTP/1.1 200 OK"
2025-04-04 18:56:43,381 - httpx - INFO - HTTP Request: POST https://api.telegram.org/bot7728251431:AAEZ3y5HDcNk7nto1IcHu6rsteCr1vMnd38/getUpdates "HTTP/1.1 200 OK"
2025-04-04 18:56:53,569 - httpx - INFO - HTTP Request: POST https://api.telegram.org/bot7728251431:AAEZ3y5HDcNk7nto1IcHu6rsteCr1vMnd38/getUpdates "HTTP/1.1 200 OK"
2025-04-04 18:57:03,758 - httpx - INFO - HTTP Request: POST https://api.telegram.org/bot7728251431:AAEZ3y5HDcNk7nto1IcHu6rsteCr1vMnd38/getUpdates "HTTP/1.1 200 OK"
2025-04-04 18:57:13,945 - httpx - INFO - HTTP Request: POST https://api.telegram.org/bot7728251431:AAEZ3y5HDcNk7nto1IcHu6rsteCr1vMnd38/getUpdates "HTTP/1.1 200 OK"
2025-04-04 18:57:24,133 - httpx - INFO - HTTP Request: POST https://api.telegram.org/bot7728251431:AAEZ3y5HDcNk7nto1IcHu6rsteCr1vMnd38/getUpdates "HTTP/1.1 200 OK"
2025-04-04 18:57:34,337 - httpx - INFO - HTTP Request: POST https://api.telegram.org/bot7728251431:AAEZ3y5HDcNk7nto1IcHu6rsteCr1vMnd38/getUpdates "HTTP/1.1 200 OK"
2025-04-04 18:57:44,524 - httpx - INFO - HTTP Request: POST https://api.telegram.org/bot7728251431:AAEZ3y5HDcNk7nto1IcHu6rsteCr1vMnd38/getUpdates "HTTP/1.1 200 OK"
2025-04-04 18:57:54,711 - httpx - INFO - HTTP Request: POST https://api.telegram.org/bot7728251431:AAEZ3y5HDcNk7nto1IcHu6rsteCr1vMnd38/getUpdates "HTTP/1.1 200 OK"
2025-04-04 18:58:04,907 - httpx - INFO - HTTP Request: POST https://api.telegram.org/bot7728251431:AAEZ3y5HDcNk7nto1IcHu6rsteCr1vMnd38/getUpdates "HTTP/1.1 200 OK"
2025-04-04 18:58:15,094 - httpx - INFO - HTTP Request: POST https://api.telegram.org/bot7728251431:AAEZ3y5HDcNk7nto1IcHu6rsteCr1vMnd38/getUpdates "HTTP/1.1 200 OK"
2025-04-04 18:58:25,281 - httpx - INFO - HTTP Request: POST https://api.telegram.org/bot7728251431:AAEZ3y5HDcNk7nto1IcHu6rsteCr1vMnd38/getUpdates "HTTP/1.1 200 OK"
2025-04-04 18:58:35,468 - httpx - INFO - HTTP Request: POST https://api.telegram.org/bot7728251431:AAEZ3y5HDcNk7nto1IcHu6rsteCr1vMnd38/getUpdates "HTTP/1.1 200 OK"
2025-04-04 18:58:45,676 - httpx - INFO - HTTP Request: POST https://api.telegram.org/bot7728251431:AAEZ3y5HDcNk7nto1IcHu6rsteCr1vMnd38/getUpdates "HTTP/1.1 200 OK"
2025-04-04 18:58:55,865 - httpx - INFO - HTTP Request: POST https://api.telegram.org/bot7728251431:AAEZ3y5HDcNk7nto1IcHu6rsteCr1vMnd38/getUpdates "HTTP/1.1 200 OK"
2025-04-04 18:59:06,055 - httpx - INFO - HTTP Request: POST https://api.telegram.org/bot7728251431:AAEZ3y5HDcNk7nto1IcHu6rsteCr1vMnd38/getUpdates "HTTP/1.1 200 OK"
2025-04-04 18:59:16,241 - httpx - INFO - HTTP Request: POST https://api.telegram.org/bot7728251431:AAEZ3y5HDcNk7nto1IcHu6rsteCr1vMnd38/getUpdates "HTTP/1.1 200 OK"
2025-04-04 18:59:26,428 - httpx - INFO - HTTP Request: POST https://api.telegram.org/bot7728251431:AAEZ3y5HDcNk7nto1IcHu6rsteCr1vMnd38/getUpdates "HTTP/1.1 200 OK"
2025-04-04 18:59:36,615 - httpx - INFO - HTTP Request: POST https://api.telegram.org/bot7728251431:AAEZ3y5HDcNk7nto1IcHu6rsteCr1vMnd38/getUpdates "HTTP/1.1 200 OK"
2025-04-04 18:59:46,801 - httpx - INFO - HTTP Request: POST https://api.telegram.org/bot7728251431:AAEZ3y5HDcNk7nto1IcHu6rsteCr1vMnd38/getUpdates "HTTP/1.1 200 OK"
2025-04-04 18:59:56,990 - httpx - INFO - HTTP Request: POST https://api.telegram.org/bot7728251431:AAEZ3y5HDcNk7nto1IcHu6rsteCr1vMnd38/getUpdates "HTTP/1.1 200 OK"
2025-04-04 19:00:07,176 - httpx - INFO - HTTP Request: POST https://api.telegram.org/bot7728251431:AAEZ3y5HDcNk7nto1IcHu6rsteCr1vMnd38/getUpdates "HTTP/1.1 200 OK"
2025-04-04 19:00:17,362 - httpx - INFO - HTTP Request: POST https://api.telegram.org/bot7728251431:AAEZ3y5HDcNk7nto1IcHu6rsteCr1vMnd38/getUpdates "HTTP/1.1 200 OK"
2025-04-04 19:00:27,617 - httpx - INFO - HTTP Request: POST https://api.telegram.org/bot7728251431:AAEZ3y5HDcNk7nto1IcHu6rsteCr1vMnd38/getUpdates "HTTP/1.1 200 OK"
2025-04-04 19:00:37,804 - httpx - INFO - HTTP Request: POST https://api.telegram.org/bot7728251431:AAEZ3y5HDcNk7nto1IcHu6rsteCr1vMnd38/getUpdates "HTTP/1.1 200 OK"
2025-04-04 19:00:47,999 - httpx - INFO - HTTP Request: POST https://api.telegram.org/bot7728251431:AAEZ3y5HDcNk7nto1IcHu6rsteCr1vMnd38/getUpdates "HTTP/1.1 200 OK"
2025-04-04 19:00:58,187 - httpx - INFO - HTTP Request: POST https://api.telegram.org/bot7728251431:AAEZ3y5HDcNk7nto1IcHu6rsteCr1vMnd38/getUpdates "HTTP/1.1 200 OK"
2025-04-04 19:01:08,374 - httpx - INFO - HTTP Request: POST https://api.telegram.org/bot7728251431:AAEZ3y5HDcNk7nto1IcHu6rsteCr1vMnd38/getUpdates "HTTP/1.1 200 OK"
2025-04-04 19:01:18,577 - httpx - INFO - HTTP Request: POST https://api.telegram.org/bot7728251431:AAEZ3y5HDcNk7nto1IcHu6rsteCr1vMnd38/getUpdates "HTTP/1.1 200 OK"
2025-04-04 19:01:28,766 - httpx - INFO - HTTP Request: POST https://api.telegram.org/bot7728251431:AAEZ3y5HDcNk7nto1IcHu6rsteCr1vMnd38/getUpdates "HTTP/1.1 200 OK"
2025-04-04 19:01:38,953 - httpx - INFO - HTTP Request: POST https://api.telegram.org/bot7728251431:AAEZ3y5HDcNk7nto1IcHu6rsteCr1vMnd38/getUpdates "HTTP/1.1 200 OK"
2025-04-04 19:01:49,140 - httpx - INFO - HTTP Request: POST https://api.telegram.org/bot7728251431:AAEZ3y5HDcNk7nto1IcHu6rsteCr1vMnd38/getUpdates "HTTP/1.1 200 OK"
2025-04-04 19:01:59,327 - httpx - INFO - HTTP Request: POST https://api.telegram.org/bot7728251431:AAEZ3y5HDcNk7nto1IcHu6rsteCr1vMnd38/getUpdates "HTTP/1.1 200 OK"
2025-04-04 19:02:09,514 - httpx - INFO - HTTP Request: POST https://api.telegram.org/bot7728251431:AAEZ3y5HDcNk7nto1IcHu6rsteCr1vMnd38/getUpdates "HTTP/1.1 200 OK"
2025-04-04 19:02:19,701 - httpx - INFO - HTTP Request: POST https://api.telegram.org/bot7728251431:AAEZ3y5HDcNk7nto1IcHu6rsteCr1vMnd38/getUpdates "HTTP/1.1 200 OK"
2025-04-04 19:02:29,888 - httpx - INFO - HTTP Request: POST https://api.telegram.org/bot7728251431:AAEZ3y5HDcNk7nto1IcHu6rsteCr1vMnd38/getUpdates "HTTP/1.1 200 OK"
2025-04-04 19:02:40,074 - httpx - INFO - HTTP Request: POST https://api.telegram.org/bot7728251431:AAEZ3y5HDcNk7nto1IcHu6rsteCr1vMnd38/getUpdates "HTTP/1.1 200 OK"
2025-04-04 19:02:50,261 - httpx - INFO - HTTP Request: POST https://api.telegram.org/bot7728251431:AAEZ3y5HDcNk7nto1IcHu6rsteCr1vMnd38/getUpdates "HTTP/1.1 200 OK"
2025-04-04 19:03:00,448 - httpx - INFO - HTTP Request: POST https://api.telegram.org/bot7728251431:AAEZ3y5HDcNk7nto1IcHu6rsteCr1vMnd38/getUpdates "HTTP/1.1 200 OK"
2025-04-04 19:03:10,633 - httpx - INFO - HTTP Request: POST https://api.telegram.org/bot7728251431:AAEZ3y5HDcNk7nto1IcHu6rsteCr1vMnd38/getUpdates "HTTP/1.1 200 OK"
2025-04-04 19:03:20,820 - httpx - INFO - HTTP Request: POST https://api.telegram.org/bot7728251431:AAEZ3y5HDcNk7nto1IcHu6rsteCr1vMnd38/getUpdates "HTTP/1.1 200 OK"
2025-04-04 19:03:31,006 - httpx - INFO - HTTP Request: POST https://api.telegram.org/bot7728251431:AAEZ3y5HDcNk7nto1IcHu6rsteCr1vMnd38/getUpdates "HTTP/1.1 200 OK"
2025-04-04 19:03:41,193 - httpx - INFO - HTTP Request: POST https://api.telegram.org/bot7728251431:AAEZ3y5HDcNk7nto1IcHu6rsteCr1vMnd38/getUpdates "HTTP/1.1 200 OK"
2025-04-04 19:03:51,380 - httpx - INFO - HTTP Request: POST https://api.telegram.org/bot7728251431:AAEZ3y5HDcNk7nto1IcHu6rsteCr1vMnd38/getUpdates "HTTP/1.1 200 OK"
2025-04-04 19:04:01,588 - httpx - INFO - HTTP Request: POST https://api.telegram.org/bot7728251431:AAEZ3y5HDcNk7nto1IcHu6rsteCr1vMnd38/getUpdates "HTTP/1.1 200 OK"
2025-04-04 19:04:11,774 - httpx - INFO - HTTP Request: POST https://api.telegram.org/bot7728251431:AAEZ3y5HDcNk7nto1IcHu6rsteCr1vMnd38/getUpdates "HTTP/1.1 200 OK"
2025-04-04 19:04:21,961 - httpx - INFO - HTTP Request: POST https://api.telegram.org/bot7728251431:AAEZ3y5HDcNk7nto1IcHu6rsteCr1vMnd38/getUpdates "HTTP/1.1 200 OK"
2025-04-04 19:04:32,149 - httpx - INFO - HTTP Request: POST https://api.telegram.org/bot7728251431:AAEZ3y5HDcNk7nto1IcHu6rsteCr1vMnd38/getUpdates "HTTP/1.1 200 OK"
2025-04-04 19:04:42,336 - httpx - INFO - HTTP Request: POST https://api.telegram.org/bot7728251431:AAEZ3y5HDcNk7nto1IcHu6rsteCr1vMnd38/getUpdates "HTTP/1.1 200 OK"
2025-04-04 19:04:52,525 - httpx - INFO - HTTP Request: POST https://api.telegram.org/bot7728251431:AAEZ3y5HDcNk7nto1IcHu6rsteCr1vMnd38/getUpdates "HTTP/1.1 200 OK"
2025-04-04 19:05:02,712 - httpx - INFO - HTTP Request: POST https://api.telegram.org/bot7728251431:AAEZ3y5HDcNk7nto1IcHu6rsteCr1vMnd38/getUpdates "HTTP/1.1 200 OK"
2025-04-04 19:05:12,900 - httpx - INFO - HTTP Request: POST https://api.telegram.org/bot7728251431:AAEZ3y5HDcNk7nto1IcHu6rsteCr1vMnd38/getUpdates "HTTP/1.1 200 OK"
2025-04-04 19:05:23,088 - httpx - INFO - HTTP Request: POST https://api.telegram.org/bot7728251431:AAEZ3y5HDcNk7nto1IcHu6rsteCr1vMnd38/getUpdates "HTTP/1.1 200 OK"
2025-04-04 19:05:33,276 - httpx - INFO - HTTP Request: POST https://api.telegram.org/bot7728251431:AAEZ3y5HDcNk7nto1IcHu6rsteCr1vMnd38/getUpdates "HTTP/1.1 200 OK"
2025-04-04 19:05:43,469 - httpx - INFO - HTTP Request: POST https://api.telegram.org/bot7728251431:AAEZ3y5HDcNk7nto1IcHu6rsteCr1vMnd38/getUpdates "HTTP/1.1 200 OK"
2025-04-04 19:05:53,660 - httpx - INFO - HTTP Request: POST https://api.telegram.org/bot7728251431:AAEZ3y5HDcNk7nto1IcHu6rsteCr1vMnd38/getUpdates "HTTP/1.1 200 OK"
2025-04-04 19:06:03,851 - httpx - INFO - HTTP Request: POST https://api.telegram.org/bot7728251431:AAEZ3y5HDcNk7nto1IcHu6rsteCr1vMnd38/getUpdates "HTTP/1.1 200 OK"
2025-04-04 19:06:14,039 - httpx - INFO - HTTP Request: POST https://api.telegram.org/bot7728251431:AAEZ3y5HDcNk7nto1IcHu6rsteCr1vMnd38/getUpdates "HTTP/1.1 200 OK"
2025-04-04 19:06:24,226 - httpx - INFO - HTTP Request: POST https://api.telegram.org/bot7728251431:AAEZ3y5HDcNk7nto1IcHu6rsteCr1vMnd38/getUpdates "HTTP/1.1 200 OK"
2025-04-04 19:06:34,415 - httpx - INFO - HTTP Request: POST https://api.telegram.org/bot7728251431:AAEZ3y5HDcNk7nto1IcHu6rsteCr1vMnd38/getUpdates "HTTP/1.1 200 OK"
2025-04-04 19:06:44,610 - httpx - INFO - HTTP Request: POST https://api.telegram.org/bot7728251431:AAEZ3y5HDcNk7nto1IcHu6rsteCr1vMnd38/getUpdates "HTTP/1.1 200 OK"
2025-04-04 19:06:54,796 - httpx - INFO - HTTP Request: POST https://api.telegram.org/bot7728251431:AAEZ3y5HDcNk7nto1IcHu6rsteCr1vMnd38/getUpdates "HTTP/1.1 200 OK"
2025-04-04 19:07:04,997 - httpx - INFO - HTTP Request: POST https://api.telegram.org/bot7728251431:AAEZ3y5HDcNk7nto1IcHu6rsteCr1vMnd38/getUpdates "HTTP/1.1 200 OK"
2025-04-04 19:07:15,183 - httpx - INFO - HTTP Request: POST https://api.telegram.org/bot7728251431:AAEZ3y5HDcNk7nto1IcHu6rsteCr1vMnd38/getUpdates "HTTP/1.1 200 OK"
2025-04-04 19:07:25,371 - httpx - INFO - HTTP Request: POST https://api.telegram.org/bot7728251431:AAEZ3y5HDcNk7nto1IcHu6rsteCr1vMnd38/getUpdates "HTTP/1.1 200 OK"
2025-04-04 19:07:35,557 - httpx - INFO - HTTP Request: POST https://api.telegram.org/bot7728251431:AAEZ3y5HDcNk7nto1IcHu6rsteCr1vMnd38/getUpdates "HTTP/1.1 200 OK"
2025-04-04 19:07:46,115 - httpx - INFO - HTTP Request: POST https://api.telegram.org/bot7728251431:AAEZ3y5HDcNk7nto1IcHu6rsteCr1vMnd38/getUpdates "HTTP/1.1 200 OK"
2025-04-04 19:07:56,301 - httpx - INFO - HTTP Request: POST https://api.telegram.org/bot7728251431:AAEZ3y5HDcNk7nto1IcHu6rsteCr1vMnd38/getUpdates "HTTP/1.1 200 OK"
2025-04-04 19:08:06,488 - httpx - INFO - HTTP Request: POST https://api.telegram.org/bot7728251431:AAEZ3y5HDcNk7nto1IcHu6rsteCr1vMnd38/getUpdates "HTTP/1.1 200 OK"
2025-04-04 19:08:16,674 - httpx - INFO - HTTP Request: POST https://api.telegram.org/bot7728251431:AAEZ3y5HDcNk7nto1IcHu6rsteCr1vMnd38/getUpdates "HTTP/1.1 200 OK"
2025-04-04 19:08:26,861 - httpx - INFO - HTTP Request: POST https://api.telegram.org/bot7728251431:AAEZ3y5HDcNk7nto1IcHu6rsteCr1vMnd38/getUpdates "HTTP/1.1 200 OK"
2025-04-04 19:08:37,047 - httpx - INFO - HTTP Request: POST https://api.telegram.org/bot7728251431:AAEZ3y5HDcNk7nto1IcHu6rsteCr1vMnd38/getUpdates "HTTP/1.1 200 OK"
2025-04-04 19:08:47,233 - httpx - INFO - HTTP Request: POST https://api.telegram.org/bot7728251431:AAEZ3y5HDcNk7nto1IcHu6rsteCr1vMnd38/getUpdates "HTTP/1.1 200 OK"
2025-04-04 19:08:57,419 - httpx - INFO - HTTP Request: POST https://api.telegram.org/bot7728251431:AAEZ3y5HDcNk7nto1IcHu6rsteCr1vMnd38/getUpdates "HTTP/1.1 200 OK"
2025-04-04 19:15:22,756 - root - INFO -   handlers.py  .
2025-04-04 19:15:23,326 - httpx - INFO - HTTP Request: POST https://api.telegram.org/bot7728251431:AAEZ3y5HDcNk7nto1IcHu6rsteCr1vMnd38/getMe "HTTP/1.1 200 OK"
2025-04-04 19:15:23,537 - httpx - INFO - HTTP Request: POST https://api.telegram.org/bot7728251431:AAEZ3y5HDcNk7nto1IcHu6rsteCr1vMnd38/deleteWebhook "HTTP/1.1 200 OK"
2025-04-04 19:15:23,538 - telegram.ext.Application - INFO - Application started
2025-04-04 19:15:33,431 - httpx - INFO - HTTP Request: POST https://api.telegram.org/bot7728251431:AAEZ3y5HDcNk7nto1IcHu6rsteCr1vMnd38/getUpdates "HTTP/1.1 200 OK"
2025-04-04 19:15:33,432 - root - INFO -  QA_dev_tester (529437081)   /start.
2025-04-04 19:15:34,018 - httpx - INFO - HTTP Request: POST https://api.telegram.org/bot7728251431:AAEZ3y5HDcNk7nto1IcHu6rsteCr1vMnd38/sendMessage "HTTP/1.1 200 OK"
2025-04-04 19:15:37,409 - httpx - INFO - HTTP Request: POST https://api.telegram.org/bot7728251431:AAEZ3y5HDcNk7nto1IcHu6rsteCr1vMnd38/getUpdates "HTTP/1.1 200 OK"
2025-04-04 19:15:37,410 - root - INFO -  QA_dev_tester (529437081)  : 
2025-04-04 19:15:37,619 - httpx - INFO - HTTP Request: POST https://api.telegram.org/bot7728251431:AAEZ3y5HDcNk7nto1IcHu6rsteCr1vMnd38/sendMessage "HTTP/1.1 200 OK"
2025-04-04 19:15:45,770 - httpx - INFO - HTTP Request: POST https://api.telegram.org/bot7728251431:AAEZ3y5HDcNk7nto1IcHu6rsteCr1vMnd38/getUpdates "HTTP/1.1 200 OK"
2025-04-04 19:15:45,771 - root - INFO -  QA_dev_tester (529437081)  : 
2025-04-04 19:15:46,351 - httpx - INFO - HTTP Request: POST https://api.telegram.org/bot7728251431:AAEZ3y5HDcNk7nto1IcHu6rsteCr1vMnd38/sendMessage "HTTP/1.1 200 OK"
2025-04-04 19:15:47,139 - httpx - INFO - HTTP Request: POST https://api.telegram.org/bot7728251431:AAEZ3y5HDcNk7nto1IcHu6rsteCr1vMnd38/getUpdates "HTTP/1.1 200 OK"
2025-04-04 19:15:47,141 - root - INFO -  QA_dev_tester (529437081)  : 
2025-04-04 19:15:47,470 - httpx - INFO - HTTP Request: POST https://api.telegram.org/bot7728251431:AAEZ3y5HDcNk7nto1IcHu6rsteCr1vMnd38/sendMessage "HTTP/1.1 200 OK"
2025-04-04 19:15:48,695 - httpx - INFO - HTTP Request: POST https://api.telegram.org/bot7728251431:AAEZ3y5HDcNk7nto1IcHu6rsteCr1vMnd38/getUpdates "HTTP/1.1 200 OK"
2025-04-04 19:15:48,697 - root - INFO -  QA_dev_tester (529437081)  : 
2025-04-04 19:15:48,912 - httpx - INFO - HTTP Request: POST https://api.telegram.org/bot7728251431:AAEZ3y5HDcNk7nto1IcHu6rsteCr1vMnd38/sendMessage "HTTP/1.1 200 OK"
2025-04-04 19:15:49,902 - httpx - INFO - HTTP Request: POST https://api.telegram.org/bot7728251431:AAEZ3y5HDcNk7nto1IcHu6rsteCr1vMnd38/getUpdates "HTTP/1.1 200 OK"
2025-04-04 19:15:49,904 - root - INFO -  QA_dev_tester (529437081)    .
2025-04-04 19:15:50,121 - httpx - INFO - HTTP Request: POST https://api.telegram.org/bot7728251431:AAEZ3y5HDcNk7nto1IcHu6rsteCr1vMnd38/sendMessage "HTTP/1.1 200 OK"
2025-04-04 19:16:00,105 - httpx - INFO - HTTP Request: POST https://api.telegram.org/bot7728251431:AAEZ3y5HDcNk7nto1IcHu6rsteCr1vMnd38/getUpdates "HTTP/1.1 200 OK"
2025-04-04 19:16:10,291 - httpx - INFO - HTTP Request: POST https://api.telegram.org/bot7728251431:AAEZ3y5HDcNk7nto1IcHu6rsteCr1vMnd38/getUpdates "HTTP/1.1 200 OK"
2025-04-04 19:16:20,479 - httpx - INFO - HTTP Request: POST https://api.telegram.org/bot7728251431:AAEZ3y5HDcNk7nto1IcHu6rsteCr1vMnd38/getUpdates "HTTP/1.1 200 OK"
2025-04-04 19:16:30,668 - httpx - INFO - HTTP Request: POST https://api.telegram.org/bot7728251431:AAEZ3y5HDcNk7nto1IcHu6rsteCr1vMnd38/getUpdates "HTTP/1.1 200 OK"
2025-04-04 19:16:40,856 - httpx - INFO - HTTP Request: POST https://api.telegram.org/bot7728251431:AAEZ3y5HDcNk7nto1IcHu6rsteCr1vMnd38/getUpdates "HTTP/1.1 200 OK"
2025-04-04 19:16:42,603 - httpx - INFO - HTTP Request: POST https://api.telegram.org/bot7728251431:AAEZ3y5HDcNk7nto1IcHu6rsteCr1vMnd38/getUpdates "HTTP/1.1 200 OK"
2025-04-04 19:16:42,604 - root - INFO -  QA_dev_tester (529437081)  : 
2025-04-04 19:16:43,182 - httpx - INFO - HTTP Request: POST https://api.telegram.org/bot7728251431:AAEZ3y5HDcNk7nto1IcHu6rsteCr1vMnd38/sendMessage "HTTP/1.1 200 OK"
2025-04-04 19:16:44,116 - httpx - INFO - HTTP Request: POST https://api.telegram.org/bot7728251431:AAEZ3y5HDcNk7nto1IcHu6rsteCr1vMnd38/getUpdates "HTTP/1.1 200 OK"
2025-04-04 19:16:44,118 - root - INFO -  QA_dev_tester (529437081)    .
2025-04-04 19:16:44,335 - httpx - INFO - HTTP Request: POST https://api.telegram.org/bot7728251431:AAEZ3y5HDcNk7nto1IcHu6rsteCr1vMnd38/sendMessage "HTTP/1.1 200 OK"
2025-04-04 19:16:54,306 - httpx - INFO - HTTP Request: POST https://api.telegram.org/bot7728251431:AAEZ3y5HDcNk7nto1IcHu6rsteCr1vMnd38/getUpdates "HTTP/1.1 200 OK"
2025-04-04 19:17:04,511 - httpx - INFO - HTTP Request: POST https://api.telegram.org/bot7728251431:AAEZ3y5HDcNk7nto1IcHu6rsteCr1vMnd38/getUpdates "HTTP/1.1 200 OK"
2025-04-04 19:17:14,698 - httpx - INFO - HTTP Request: POST https://api.telegram.org/bot7728251431:AAEZ3y5HDcNk7nto1IcHu6rsteCr1vMnd38/getUpdates "HTTP/1.1 200 OK"
2025-04-04 19:17:24,885 - httpx - INFO - HTTP Request: POST https://api.telegram.org/bot7728251431:AAEZ3y5HDcNk7nto1IcHu6rsteCr1vMnd38/getUpdates "HTTP/1.1 200 OK"
2025-04-04 19:17:35,071 - httpx - INFO - HTTP Request: POST https://api.telegram.org/bot7728251431:AAEZ3y5HDcNk7nto1IcHu6rsteCr1vMnd38/getUpdates "HTTP/1.1 200 OK"
2025-04-04 19:17:45,258 - httpx - INFO - HTTP Request: POST https://api.telegram.org/bot7728251431:AAEZ3y5HDcNk7nto1IcHu6rsteCr1vMnd38/getUpdates "HTTP/1.1 200 OK"
2025-04-04 19:17:55,445 - httpx - INFO - HTTP Request: POST https://api.telegram.org/bot7728251431:AAEZ3y5HDcNk7nto1IcHu6rsteCr1vMnd38/getUpdates "HTTP/1.1 200 OK"
2025-04-04 19:18:05,632 - httpx - INFO - HTTP Request: POST https://api.telegram.org/bot7728251431:AAEZ3y5HDcNk7nto1IcHu6rsteCr1vMnd38/getUpdates "HTTP/1.1 200 OK"
2025-04-04 19:18:15,819 - httpx - INFO - HTTP Request: POST https://api.telegram.org/bot7728251431:AAEZ3y5HDcNk7nto1IcHu6rsteCr1vMnd38/getUpdates "HTTP/1.1 200 OK"
2025-04-04 19:18:26,007 - httpx - INFO - HTTP Request: POST https://api.telegram.org/bot7728251431:AAEZ3y5HDcNk7nto1IcHu6rsteCr1vMnd38/getUpdates "HTTP/1.1 200 OK"
2025-04-04 19:18:36,193 - httpx - INFO - HTTP Request: POST https://api.telegram.org/bot7728251431:AAEZ3y5HDcNk7nto1IcHu6rsteCr1vMnd38/getUpdates "HTTP/1.1 200 OK"
2025-04-04 19:18:46,380 - httpx - INFO - HTTP Request: POST https://api.telegram.org/bot7728251431:AAEZ3y5HDcNk7nto1IcHu6rsteCr1vMnd38/getUpdates "HTTP/1.1 200 OK"
2025-04-04 19:18:56,570 - httpx - INFO - HTTP Request: POST https://api.telegram.org/bot7728251431:AAEZ3y5HDcNk7nto1IcHu6rsteCr1vMnd38/getUpdates "HTTP/1.1 200 OK"
2025-04-04 19:19:06,756 - httpx - INFO - HTTP Request: POST https://api.telegram.org/bot7728251431:AAEZ3y5HDcNk7nto1IcHu6rsteCr1vMnd38/getUpdates "HTTP/1.1 200 OK"
2025-04-04 19:19:16,946 - httpx - INFO - HTTP Request: POST https://api.telegram.org/bot7728251431:AAEZ3y5HDcNk7nto1IcHu6rsteCr1vMnd38/getUpdates "HTTP/1.1 200 OK"
2025-04-04 19:19:27,135 - httpx - INFO - HTTP Request: POST https://api.telegram.org/bot7728251431:AAEZ3y5HDcNk7nto1IcHu6rsteCr1vMnd38/getUpdates "HTTP/1.1 200 OK"
2025-04-04 19:19:37,330 - httpx - INFO - HTTP Request: POST https://api.telegram.org/bot7728251431:AAEZ3y5HDcNk7nto1IcHu6rsteCr1vMnd38/getUpdates "HTTP/1.1 200 OK"
2025-04-04 19:19:47,517 - httpx - INFO - HTTP Request: POST https://api.telegram.org/bot7728251431:AAEZ3y5HDcNk7nto1IcHu6rsteCr1vMnd38/getUpdates "HTTP/1.1 200 OK"
2025-04-04 19:19:57,705 - httpx - INFO - HTTP Request: POST https://api.telegram.org/bot7728251431:AAEZ3y5HDcNk7nto1IcHu6rsteCr1vMnd38/getUpdates "HTTP/1.1 200 OK"
2025-04-04 19:20:07,892 - httpx - INFO - HTTP Request: POST https://api.telegram.org/bot7728251431:AAEZ3y5HDcNk7nto1IcHu6rsteCr1vMnd38/getUpdates "HTTP/1.1 200 OK"
2025-04-04 19:20:18,078 - httpx - INFO - HTTP Request: POST https://api.telegram.org/bot7728251431:AAEZ3y5HDcNk7nto1IcHu6rsteCr1vMnd38/getUpdates "HTTP/1.1 200 OK"
2025-04-04 19:20:28,264 - httpx - INFO - HTTP Request: POST https://api.telegram.org/bot7728251431:AAEZ3y5HDcNk7nto1IcHu6rsteCr1vMnd38/getUpdates "HTTP/1.1 200 OK"
2025-04-04 19:20:38,467 - httpx - INFO - HTTP Request: POST https://api.telegram.org/bot7728251431:AAEZ3y5HDcNk7nto1IcHu6rsteCr1vMnd38/getUpdates "HTTP/1.1 200 OK"
2025-04-04 19:20:48,660 - httpx - INFO - HTTP Request: POST https://api.telegram.org/bot7728251431:AAEZ3y5HDcNk7nto1IcHu6rsteCr1vMnd38/getUpdates "HTTP/1.1 200 OK"
2025-04-04 19:20:58,889 - httpx - INFO - HTTP Request: POST https://api.telegram.org/bot7728251431:AAEZ3y5HDcNk7nto1IcHu6rsteCr1vMnd38/getUpdates "HTTP/1.1 200 OK"
2025-04-04 19:21:09,078 - httpx - INFO - HTTP Request: POST https://api.telegram.org/bot7728251431:AAEZ3y5HDcNk7nto1IcHu6rsteCr1vMnd38/getUpdates "HTTP/1.1 200 OK"
2025-04-04 19:21:19,290 - httpx - INFO - HTTP Request: POST https://api.telegram.org/bot7728251431:AAEZ3y5HDcNk7nto1IcHu6rsteCr1vMnd38/getUpdates "HTTP/1.1 200 OK"
2025-04-04 19:21:29,481 - httpx - INFO - HTTP Request: POST https://api.telegram.org/bot7728251431:AAEZ3y5HDcNk7nto1IcHu6rsteCr1vMnd38/getUpdates "HTTP/1.1 200 OK"
2025-04-04 19:21:39,667 - httpx - INFO - HTTP Request: POST https://api.telegram.org/bot7728251431:AAEZ3y5HDcNk7nto1IcHu6rsteCr1vMnd38/getUpdates "HTTP/1.1 200 OK"
2025-04-04 19:21:49,853 - httpx - INFO - HTTP Request: POST https://api.telegram.org/bot7728251431:AAEZ3y5HDcNk7nto1IcHu6rsteCr1vMnd38/getUpdates "HTTP/1.1 200 OK"
2025-04-04 19:22:00,042 - httpx - INFO - HTTP Request: POST https://api.telegram.org/bot7728251431:AAEZ3y5HDcNk7nto1IcHu6rsteCr1vMnd38/getUpdates "HTTP/1.1 200 OK"
2025-04-04 19:27:30,937 - root - INFO - Handlers configured successfully.
2025-04-04 19:27:31,518 - httpx - INFO - HTTP Request: POST https://api.telegram.org/bot7728251431:AAEZ3y5HDcNk7nto1IcHu6rsteCr1vMnd38/getMe "HTTP/1.1 200 OK"
2025-04-04 19:27:31,712 - httpx - INFO - HTTP Request: POST https://api.telegram.org/bot7728251431:AAEZ3y5HDcNk7nto1IcHu6rsteCr1vMnd38/deleteWebhook "HTTP/1.1 200 OK"
2025-04-04 19:27:31,713 - telegram.ext.Application - INFO - Application started
2025-04-04 19:27:42,274 - httpx - INFO - HTTP Request: POST https://api.telegram.org/bot7728251431:AAEZ3y5HDcNk7nto1IcHu6rsteCr1vMnd38/getUpdates "HTTP/1.1 200 OK"
2025-04-04 19:27:44,847 - httpx - INFO - HTTP Request: POST https://api.telegram.org/bot7728251431:AAEZ3y5HDcNk7nto1IcHu6rsteCr1vMnd38/getUpdates "HTTP/1.1 200 OK"
2025-04-04 19:27:44,848 - root - INFO - User 529437081 (QA_dev_tester) started the bot.
2025-04-04 19:27:45,531 - httpx - INFO - HTTP Request: POST https://api.telegram.org/bot7728251431:AAEZ3y5HDcNk7nto1IcHu6rsteCr1vMnd38/sendMessage "HTTP/1.1 200 OK"
2025-04-04 19:27:48,343 - httpx - INFO - HTTP Request: POST https://api.telegram.org/bot7728251431:AAEZ3y5HDcNk7nto1IcHu6rsteCr1vMnd38/getUpdates "HTTP/1.1 200 OK"
2025-04-04 19:27:48,345 - root - INFO - User 529437081 selected category:  
2025-04-04 19:27:48,557 - httpx - INFO - HTTP Request: POST https://api.telegram.org/bot7728251431:AAEZ3y5HDcNk7nto1IcHu6rsteCr1vMnd38/sendMessage "HTTP/1.1 200 OK"
2025-04-04 19:27:51,804 - httpx - INFO - HTTP Request: POST https://api.telegram.org/bot7728251431:AAEZ3y5HDcNk7nto1IcHu6rsteCr1vMnd38/getUpdates "HTTP/1.1 200 OK"
2025-04-04 19:27:51,806 - root - INFO - User 529437081 selected product: 
2025-04-04 19:27:52,013 - httpx - INFO - HTTP Request: POST https://api.telegram.org/bot7728251431:AAEZ3y5HDcNk7nto1IcHu6rsteCr1vMnd38/sendMessage "HTTP/1.1 200 OK"
2025-04-04 19:27:59,909 - httpx - INFO - HTTP Request: POST https://api.telegram.org/bot7728251431:AAEZ3y5HDcNk7nto1IcHu6rsteCr1vMnd38/getUpdates "HTTP/1.1 200 OK"
2025-04-04 19:27:59,911 - root - INFO - User 529437081 selected product: 
2025-04-04 19:28:00,491 - httpx - INFO - HTTP Request: POST https://api.telegram.org/bot7728251431:AAEZ3y5HDcNk7nto1IcHu6rsteCr1vMnd38/sendMessage "HTTP/1.1 200 OK"
2025-04-04 19:28:04,499 - httpx - INFO - HTTP Request: POST https://api.telegram.org/bot7728251431:AAEZ3y5HDcNk7nto1IcHu6rsteCr1vMnd38/getUpdates "HTTP/1.1 200 OK"
2025-04-04 19:28:04,501 - root - INFO - User 529437081 returned to main menu.
2025-04-04 19:28:04,709 - httpx - INFO - HTTP Request: POST https://api.telegram.org/bot7728251431:AAEZ3y5HDcNk7nto1IcHu6rsteCr1vMnd38/sendMessage "HTTP/1.1 200 OK"
2025-04-04 19:28:14,688 - httpx - INFO - HTTP Request: POST https://api.telegram.org/bot7728251431:AAEZ3y5HDcNk7nto1IcHu6rsteCr1vMnd38/getUpdates "HTTP/1.1 200 OK"
2025-04-04 19:28:20,101 - httpx - INFO - HTTP Request: POST https://api.telegram.org/bot7728251431:AAEZ3y5HDcNk7nto1IcHu6rsteCr1vMnd38/getUpdates "HTTP/1.1 200 OK"
2025-04-04 19:28:20,102 - root - INFO - User 529437081 requested payment info.
2025-04-04 19:28:20,722 - httpx - INFO - HTTP Request: POST https://api.telegram.org/bot7728251431:AAEZ3y5HDcNk7nto1IcHu6rsteCr1vMnd38/sendMessage "HTTP/1.1 200 OK"
2025-04-04 19:28:30,288 - httpx - INFO - HTTP Request: POST https://api.telegram.org/bot7728251431:AAEZ3y5HDcNk7nto1IcHu6rsteCr1vMnd38/getUpdates "HTTP/1.1 200 OK"
2025-04-04 19:28:37,158 - httpx - INFO - HTTP Request: POST https://api.telegram.org/bot7728251431:AAEZ3y5HDcNk7nto1IcHu6rsteCr1vMnd38/getUpdates "HTTP/1.1 200 OK"
2025-04-04 19:28:37,159 - root - INFO - User 529437081 selected category:  
2025-04-04 19:28:37,734 - httpx - INFO - HTTP Request: POST https://api.telegram.org/bot7728251431:AAEZ3y5HDcNk7nto1IcHu6rsteCr1vMnd38/sendMessage "HTTP/1.1 200 OK"
2025-04-04 19:28:47,344 - httpx - INFO - HTTP Request: POST https://api.telegram.org/bot7728251431:AAEZ3y5HDcNk7nto1IcHu6rsteCr1vMnd38/getUpdates "HTTP/1.1 200 OK"
2025-04-04 19:28:57,532 - httpx - INFO - HTTP Request: POST https://api.telegram.org/bot7728251431:AAEZ3y5HDcNk7nto1IcHu6rsteCr1vMnd38/getUpdates "HTTP/1.1 200 OK"
2025-04-04 19:29:07,719 - httpx - INFO - HTTP Request: POST https://api.telegram.org/bot7728251431:AAEZ3y5HDcNk7nto1IcHu6rsteCr1vMnd38/getUpdates "HTTP/1.1 200 OK"
2025-04-04 19:29:17,905 - httpx - INFO - HTTP Request: POST https://api.telegram.org/bot7728251431:AAEZ3y5HDcNk7nto1IcHu6rsteCr1vMnd38/getUpdates "HTTP/1.1 200 OK"
2025-04-04 19:29:28,091 - httpx - INFO - HTTP Request: POST https://api.telegram.org/bot7728251431:AAEZ3y5HDcNk7nto1IcHu6rsteCr1vMnd38/getUpdates "HTTP/1.1 200 OK"
2025-04-04 19:29:38,278 - httpx - INFO - HTTP Request: POST https://api.telegram.org/bot7728251431:AAEZ3y5HDcNk7nto1IcHu6rsteCr1vMnd38/getUpdates "HTTP/1.1 200 OK"
2025-04-04 19:29:48,464 - httpx - INFO - HTTP Request: POST https://api.telegram.org/bot7728251431:AAEZ3y5HDcNk7nto1IcHu6rsteCr1vMnd38/getUpdates "HTTP/1.1 200 OK"
2025-04-04 19:29:58,651 - httpx - INFO - HTTP Request: POST https://api.telegram.org/bot7728251431:AAEZ3y5HDcNk7nto1IcHu6rsteCr1vMnd38/getUpdates "HTTP/1.1 200 OK"
2025-04-04 19:30:08,839 - httpx - INFO - HTTP Request: POST https://api.telegram.org/bot7728251431:AAEZ3y5HDcNk7nto1IcHu6rsteCr1vMnd38/getUpdates "HTTP/1.1 200 OK"
2025-04-04 19:30:19,026 - httpx - INFO - HTTP Request: POST https://api.telegram.org/bot7728251431:AAEZ3y5HDcNk7nto1IcHu6rsteCr1vMnd38/getUpdates "HTTP/1.1 200 OK"
2025-04-04 19:30:29,239 - httpx - INFO - HTTP Request: POST https://api.telegram.org/bot7728251431:AAEZ3y5HDcNk7nto1IcHu6rsteCr1vMnd38/getUpdates "HTTP/1.1 200 OK"
2025-04-04 19:30:39,426 - httpx - INFO - HTTP Request: POST https://api.telegram.org/bot7728251431:AAEZ3y5HDcNk7nto1IcHu6rsteCr1vMnd38/getUpdates "HTTP/1.1 200 OK"
2025-04-04 19:30:49,616 - httpx - INFO - HTTP Request: POST https://api.telegram.org/bot7728251431:AAEZ3y5HDcNk7nto1IcHu6rsteCr1vMnd38/getUpdates "HTTP/1.1 200 OK"
2025-04-04 19:30:59,803 - httpx - INFO - HTTP Request: POST https://api.telegram.org/bot7728251431:AAEZ3y5HDcNk7nto1IcHu6rsteCr1vMnd38/getUpdates "HTTP/1.1 200 OK"
2025-04-04 19:31:09,989 - httpx - INFO - HTTP Request: POST https://api.telegram.org/bot7728251431:AAEZ3y5HDcNk7nto1IcHu6rsteCr1vMnd38/getUpdates "HTTP/1.1 200 OK"
2025-04-04 19:31:20,177 - httpx - INFO - HTTP Request: POST https://api.telegram.org/bot7728251431:AAEZ3y5HDcNk7nto1IcHu6rsteCr1vMnd38/getUpdates "HTTP/1.1 200 OK"
2025-04-04 19:31:30,363 - httpx - INFO - HTTP Request: POST https://api.telegram.org/bot7728251431:AAEZ3y5HDcNk7nto1IcHu6rsteCr1vMnd38/getUpdates "HTTP/1.1 200 OK"
2025-04-04 19:31:40,552 - httpx - INFO - HTTP Request: POST https://api.telegram.org/bot7728251431:AAEZ3y5HDcNk7nto1IcHu6rsteCr1vMnd38/getUpdates "HTTP/1.1 200 OK"
2025-04-04 19:31:50,738 - httpx - INFO - HTTP Request: POST https://api.telegram.org/bot7728251431:AAEZ3y5HDcNk7nto1IcHu6rsteCr1vMnd38/getUpdates "HTTP/1.1 200 OK"
2025-04-04 19:32:00,942 - httpx - INFO - HTTP Request: POST https://api.telegram.org/bot7728251431:AAEZ3y5HDcNk7nto1IcHu6rsteCr1vMnd38/getUpdates "HTTP/1.1 200 OK"
2025-04-04 19:32:11,129 - httpx - INFO - HTTP Request: POST https://api.telegram.org/bot7728251431:AAEZ3y5HDcNk7nto1IcHu6rsteCr1vMnd38/getUpdates "HTTP/1.1 200 OK"
2025-04-04 19:32:21,316 - httpx - INFO - HTTP Request: POST https://api.telegram.org/bot7728251431:AAEZ3y5HDcNk7nto1IcHu6rsteCr1vMnd38/getUpdates "HTTP/1.1 200 OK"
2025-04-04 19:32:31,503 - httpx - INFO - HTTP Request: POST https://api.telegram.org/bot7728251431:AAEZ3y5HDcNk7nto1IcHu6rsteCr1vMnd38/getUpdates "HTTP/1.1 200 OK"
2025-04-04 19:32:41,691 - httpx - INFO - HTTP Request: POST https://api.telegram.org/bot7728251431:AAEZ3y5HDcNk7nto1IcHu6rsteCr1vMnd38/getUpdates "HTTP/1.1 200 OK"
2025-04-04 19:32:46,596 - httpx - INFO - HTTP Request: POST https://api.telegram.org/bot7728251431:AAEZ3y5HDcNk7nto1IcHu6rsteCr1vMnd38/getUpdates "HTTP/1.1 200 OK"
2025-04-04 19:32:46,597 - telegram.ext.Application - INFO - Application is stopping. This might take a moment.
2025-04-04 19:32:46,597 - telegram.ext.Application - INFO - Application.stop() complete
2025-04-04 19:32:48,853 - root - INFO - Handlers configured successfully with updated data.
2025-04-04 19:32:49,419 - httpx - INFO - HTTP Request: POST https://api.telegram.org/bot7728251431:AAEZ3y5HDcNk7nto1IcHu6rsteCr1vMnd38/getMe "HTTP/1.1 200 OK"
2025-04-04 19:32:49,604 - httpx - INFO - HTTP Request: POST https://api.telegram.org/bot7728251431:AAEZ3y5HDcNk7nto1IcHu6rsteCr1vMnd38/deleteWebhook "HTTP/1.1 200 OK"
2025-04-04 19:32:49,605 - telegram.ext.Application - INFO - Application started
2025-04-04 19:33:00,162 - httpx - INFO - HTTP Request: POST https://api.telegram.org/bot7728251431:AAEZ3y5HDcNk7nto1IcHu6rsteCr1vMnd38/getUpdates "HTTP/1.1 200 OK"
2025-04-04 19:33:01,538 - httpx - INFO - HTTP Request: POST https://api.telegram.org/bot7728251431:AAEZ3y5HDcNk7nto1IcHu6rsteCr1vMnd38/getUpdates "HTTP/1.1 200 OK"
2025-04-04 19:33:01,540 - root - INFO - User 529437081 (QA_dev_tester) started the bot.
2025-04-04 19:33:02,151 - httpx - INFO - HTTP Request: POST https://api.telegram.org/bot7728251431:AAEZ3y5HDcNk7nto1IcHu6rsteCr1vMnd38/sendMessage "HTTP/1.1 200 OK"
2025-04-04 19:33:11,725 - httpx - INFO - HTTP Request: POST https://api.telegram.org/bot7728251431:AAEZ3y5HDcNk7nto1IcHu6rsteCr1vMnd38/getUpdates "HTTP/1.1 200 OK"
2025-04-04 19:33:12,797 - httpx - INFO - HTTP Request: POST https://api.telegram.org/bot7728251431:AAEZ3y5HDcNk7nto1IcHu6rsteCr1vMnd38/getUpdates "HTTP/1.1 200 OK"
2025-04-04 19:33:12,798 - root - INFO - User 529437081 selected category:  
2025-04-04 19:33:13,380 - httpx - INFO - HTTP Request: POST https://api.telegram.org/bot7728251431:AAEZ3y5HDcNk7nto1IcHu6rsteCr1vMnd38/sendMessage "HTTP/1.1 200 OK"
2025-04-04 19:33:15,141 - httpx - INFO - HTTP Request: POST https://api.telegram.org/bot7728251431:AAEZ3y5HDcNk7nto1IcHu6rsteCr1vMnd38/getUpdates "HTTP/1.1 200 OK"
2025-04-04 19:33:15,143 - root - INFO - User 529437081 selected product: 
2025-04-04 19:33:15,386 - httpx - INFO - HTTP Request: POST https://api.telegram.org/bot7728251431:AAEZ3y5HDcNk7nto1IcHu6rsteCr1vMnd38/sendMessage "HTTP/1.1 200 OK"
2025-04-04 19:33:17,523 - httpx - INFO - HTTP Request: POST https://api.telegram.org/bot7728251431:AAEZ3y5HDcNk7nto1IcHu6rsteCr1vMnd38/getUpdates "HTTP/1.1 200 OK"
2025-04-04 19:33:17,526 - root - INFO - User 529437081 returned to main menu.
2025-04-04 19:33:17,773 - httpx - INFO - HTTP Request: POST https://api.telegram.org/bot7728251431:AAEZ3y5HDcNk7nto1IcHu6rsteCr1vMnd38/sendMessage "HTTP/1.1 200 OK"
2025-04-04 19:33:18,628 - httpx - INFO - HTTP Request: POST https://api.telegram.org/bot7728251431:AAEZ3y5HDcNk7nto1IcHu6rsteCr1vMnd38/getUpdates "HTTP/1.1 200 OK"
2025-04-04 19:33:18,629 - root - INFO - User 529437081 selected category:  
2025-04-04 19:33:18,850 - httpx - INFO - HTTP Request: POST https://api.telegram.org/bot7728251431:AAEZ3y5HDcNk7nto1IcHu6rsteCr1vMnd38/sendMessage "HTTP/1.1 200 OK"
2025-04-04 19:33:21,061 - httpx - INFO - HTTP Request: POST https://api.telegram.org/bot7728251431:AAEZ3y5HDcNk7nto1IcHu6rsteCr1vMnd38/getUpdates "HTTP/1.1 200 OK"
2025-04-04 19:33:21,062 - root - INFO - User 529437081 returned to main menu.
2025-04-04 19:33:21,346 - httpx - INFO - HTTP Request: POST https://api.telegram.org/bot7728251431:AAEZ3y5HDcNk7nto1IcHu6rsteCr1vMnd38/sendMessage "HTTP/1.1 200 OK"
2025-04-04 19:33:24,067 - httpx - INFO - HTTP Request: POST https://api.telegram.org/bot7728251431:AAEZ3y5HDcNk7nto1IcHu6rsteCr1vMnd38/getUpdates "HTTP/1.1 200 OK"
2025-04-04 19:33:24,069 - root - INFO - User 529437081 requested payment info.
2025-04-04 19:33:24,349 - httpx - INFO - HTTP Request: POST https://api.telegram.org/bot7728251431:AAEZ3y5HDcNk7nto1IcHu6rsteCr1vMnd38/sendMessage "HTTP/1.1 200 OK"
2025-04-04 19:33:34,255 - httpx - INFO - HTTP Request: POST https://api.telegram.org/bot7728251431:AAEZ3y5HDcNk7nto1IcHu6rsteCr1vMnd38/getUpdates "HTTP/1.1 200 OK"
2025-04-04 19:33:44,442 - httpx - INFO - HTTP Request: POST https://api.telegram.org/bot7728251431:AAEZ3y5HDcNk7nto1IcHu6rsteCr1vMnd38/getUpdates "HTTP/1.1 200 OK"
2025-04-04 19:33:54,643 - httpx - INFO - HTTP Request: POST https://api.telegram.org/bot7728251431:AAEZ3y5HDcNk7nto1IcHu6rsteCr1vMnd38/getUpdates "HTTP/1.1 200 OK"
2025-04-04 19:34:04,835 - httpx - INFO - HTTP Request: POST https://api.telegram.org/bot7728251431:AAEZ3y5HDcNk7nto1IcHu6rsteCr1vMnd38/getUpdates "HTTP/1.1 200 OK"
2025-04-04 19:34:15,023 - httpx - INFO - HTTP Request: POST https://api.telegram.org/bot7728251431:AAEZ3y5HDcNk7nto1IcHu6rsteCr1vMnd38/getUpdates "HTTP/1.1 200 OK"
2025-04-04 19:34:25,210 - httpx - INFO - HTTP Request: POST https://api.telegram.org/bot7728251431:AAEZ3y5HDcNk7nto1IcHu6rsteCr1vMnd38/getUpdates "HTTP/1.1 200 OK"
2025-04-04 19:34:35,399 - httpx - INFO - HTTP Request: POST https://api.telegram.org/bot7728251431:AAEZ3y5HDcNk7nto1IcHu6rsteCr1vMnd38/getUpdates "HTTP/1.1 200 OK"
2025-04-04 19:34:45,586 - httpx - INFO - HTTP Request: POST https://api.telegram.org/bot7728251431:AAEZ3y5HDcNk7nto1IcHu6rsteCr1vMnd38/getUpdates "HTTP/1.1 200 OK"
2025-04-04 19:34:55,774 - httpx - INFO - HTTP Request: POST https://api.telegram.org/bot7728251431:AAEZ3y5HDcNk7nto1IcHu6rsteCr1vMnd38/getUpdates "HTTP/1.1 200 OK"
2025-04-04 19:35:05,973 - httpx - INFO - HTTP Request: POST https://api.telegram.org/bot7728251431:AAEZ3y5HDcNk7nto1IcHu6rsteCr1vMnd38/getUpdates "HTTP/1.1 200 OK"
2025-04-04 19:35:16,163 - httpx - INFO - HTTP Request: POST https://api.telegram.org/bot7728251431:AAEZ3y5HDcNk7nto1IcHu6rsteCr1vMnd38/getUpdates "HTTP/1.1 200 OK"
2025-04-04 19:35:26,349 - httpx - INFO - HTTP Request: POST https://api.telegram.org/bot7728251431:AAEZ3y5HDcNk7nto1IcHu6rsteCr1vMnd38/getUpdates "HTTP/1.1 200 OK"
2025-04-04 19:35:36,580 - httpx - INFO - HTTP Request: POST https://api.telegram.org/bot7728251431:AAEZ3y5HDcNk7nto1IcHu6rsteCr1vMnd38/getUpdates "HTTP/1.1 200 OK"
2025-04-04 19:35:46,768 - httpx - INFO - HTTP Request: POST https://api.telegram.org/bot7728251431:AAEZ3y5HDcNk7nto1IcHu6rsteCr1vMnd38/getUpdates "HTTP/1.1 200 OK"
2025-04-04 19:35:56,955 - httpx - INFO - HTTP Request: POST https://api.telegram.org/bot7728251431:AAEZ3y5HDcNk7nto1IcHu6rsteCr1vMnd38/getUpdates "HTTP/1.1 200 OK"
2025-04-04 19:36:07,144 - httpx - INFO - HTTP Request: POST https://api.telegram.org/bot7728251431:AAEZ3y5HDcNk7nto1IcHu6rsteCr1vMnd38/getUpdates "HTTP/1.1 200 OK"
2025-04-04 19:36:17,333 - httpx - INFO - HTTP Request: POST https://api.telegram.org/bot7728251431:AAEZ3y5HDcNk7nto1IcHu6rsteCr1vMnd38/getUpdates "HTTP/1.1 200 OK"
2025-04-04 19:36:27,524 - httpx - INFO - HTTP Request: POST https://api.telegram.org/bot7728251431:AAEZ3y5HDcNk7nto1IcHu6rsteCr1vMnd38/getUpdates "HTTP/1.1 200 OK"
2025-04-04 19:36:37,713 - httpx - INFO - HTTP Request: POST https://api.telegram.org/bot7728251431:AAEZ3y5HDcNk7nto1IcHu6rsteCr1vMnd38/getUpdates "HTTP/1.1 200 OK"
2025-04-04 19:36:47,908 - httpx - INFO - HTTP Request: POST https://api.telegram.org/bot7728251431:AAEZ3y5HDcNk7nto1IcHu6rsteCr1vMnd38/getUpdates "HTTP/1.1 200 OK"
2025-04-04 19:36:58,095 - httpx - INFO - HTTP Request: POST https://api.telegram.org/bot7728251431:AAEZ3y5HDcNk7nto1IcHu6rsteCr1vMnd38/getUpdates "HTTP/1.1 200 OK"
2025-04-04 19:37:08,282 - httpx - INFO - HTTP Request: POST https://api.telegram.org/bot7728251431:AAEZ3y5HDcNk7nto1IcHu6rsteCr1vMnd38/getUpdates "HTTP/1.1 200 OK"
2025-04-04 19:37:18,472 - httpx - INFO - HTTP Request: POST https://api.telegram.org/bot7728251431:AAEZ3y5HDcNk7nto1IcHu6rsteCr1vMnd38/getUpdates "HTTP/1.1 200 OK"
2025-04-04 19:37:28,661 - httpx - INFO - HTTP Request: POST https://api.telegram.org/bot7728251431:AAEZ3y5HDcNk7nto1IcHu6rsteCr1vMnd38/getUpdates "HTTP/1.1 200 OK"
2025-04-04 19:37:38,847 - httpx - INFO - HTTP Request: POST https://api.telegram.org/bot7728251431:AAEZ3y5HDcNk7nto1IcHu6rsteCr1vMnd38/getUpdates "HTTP/1.1 200 OK"
2025-04-04 19:37:49,034 - httpx - INFO - HTTP Request: POST https://api.telegram.org/bot7728251431:AAEZ3y5HDcNk7nto1IcHu6rsteCr1vMnd38/getUpdates "HTTP/1.1 200 OK"
2025-04-04 19:37:59,226 - httpx - INFO - HTTP Request: POST https://api.telegram.org/bot7728251431:AAEZ3y5HDcNk7nto1IcHu6rsteCr1vMnd38/getUpdates "HTTP/1.1 200 OK"
2025-04-04 19:38:09,411 - httpx - INFO - HTTP Request: POST https://api.telegram.org/bot7728251431:AAEZ3y5HDcNk7nto1IcHu6rsteCr1vMnd38/getUpdates "HTTP/1.1 200 OK"
2025-04-04 19:38:19,604 - httpx - INFO - HTTP Request: POST https://api.telegram.org/bot7728251431:AAEZ3y5HDcNk7nto1IcHu6rsteCr1vMnd38/getUpdates "HTTP/1.1 200 OK"
2025-04-04 19:38:29,794 - httpx - INFO - HTTP Request: POST https://api.telegram.org/bot7728251431:AAEZ3y5HDcNk7nto1IcHu6rsteCr1vMnd38/getUpdates "HTTP/1.1 200 OK"
2025-04-04 19:38:39,986 - httpx - INFO - HTTP Request: POST https://api.telegram.org/bot7728251431:AAEZ3y5HDcNk7nto1IcHu6rsteCr1vMnd38/getUpdates "HTTP/1.1 200 OK"
2025-04-04 19:38:50,175 - httpx - INFO - HTTP Request: POST https://api.telegram.org/bot7728251431:AAEZ3y5HDcNk7nto1IcHu6rsteCr1vMnd38/getUpdates "HTTP/1.1 200 OK"
2025-04-04 19:39:00,364 - httpx - INFO - HTTP Request: POST https://api.telegram.org/bot7728251431:AAEZ3y5HDcNk7nto1IcHu6rsteCr1vMnd38/getUpdates "HTTP/1.1 200 OK"
2025-04-04 19:39:10,552 - httpx - INFO - HTTP Request: POST https://api.telegram.org/bot7728251431:AAEZ3y5HDcNk7nto1IcHu6rsteCr1vMnd38/getUpdates "HTTP/1.1 200 OK"
2025-04-04 19:39:20,740 - httpx - INFO - HTTP Request: POST https://api.telegram.org/bot7728251431:AAEZ3y5HDcNk7nto1IcHu6rsteCr1vMnd38/getUpdates "HTTP/1.1 200 OK"
2025-04-04 19:39:30,927 - httpx - INFO - HTTP Request: POST https://api.telegram.org/bot7728251431:AAEZ3y5HDcNk7nto1IcHu6rsteCr1vMnd38/getUpdates "HTTP/1.1 200 OK"
2025-04-04 19:39:41,115 - httpx - INFO - HTTP Request: POST https://api.telegram.org/bot7728251431:AAEZ3y5HDcNk7nto1IcHu6rsteCr1vMnd38/getUpdates "HTTP/1.1 200 OK"
2025-04-04 19:39:51,304 - httpx - INFO - HTTP Request: POST https://api.telegram.org/bot7728251431:AAEZ3y5HDcNk7nto1IcHu6rsteCr1vMnd38/getUpdates "HTTP/1.1 200 OK"
2025-04-04 19:40:01,493 - httpx - INFO - HTTP Request: POST https://api.telegram.org/bot7728251431:AAEZ3y5HDcNk7nto1IcHu6rsteCr1vMnd38/getUpdates "HTTP/1.1 200 OK"
2025-04-04 19:40:11,681 - httpx - INFO - HTTP Request: POST https://api.telegram.org/bot7728251431:AAEZ3y5HDcNk7nto1IcHu6rsteCr1vMnd38/getUpdates "HTTP/1.1 200 OK"
2025-04-04 19:40:21,868 - httpx - INFO - HTTP Request: POST https://api.telegram.org/bot7728251431:AAEZ3y5HDcNk7nto1IcHu6rsteCr1vMnd38/getUpdates "HTTP/1.1 200 OK"
2025-04-04 19:40:32,055 - httpx - INFO - HTTP Request: POST https://api.telegram.org/bot7728251431:AAEZ3y5HDcNk7nto1IcHu6rsteCr1vMnd38/getUpdates "HTTP/1.1 200 OK"
2025-04-04 19:40:42,243 - httpx - INFO - HTTP Request: POST https://api.telegram.org/bot7728251431:AAEZ3y5HDcNk7nto1IcHu6rsteCr1vMnd38/getUpdates "HTTP/1.1 200 OK"
2025-04-04 19:40:52,431 - httpx - INFO - HTTP Request: POST https://api.telegram.org/bot7728251431:AAEZ3y5HDcNk7nto1IcHu6rsteCr1vMnd38/getUpdates "HTTP/1.1 200 OK"
2025-04-04 19:41:02,618 - httpx - INFO - HTTP Request: POST https://api.telegram.org/bot7728251431:AAEZ3y5HDcNk7nto1IcHu6rsteCr1vMnd38/getUpdates "HTTP/1.1 200 OK"
2025-04-04 19:41:12,819 - httpx - INFO - HTTP Request: POST https://api.telegram.org/bot7728251431:AAEZ3y5HDcNk7nto1IcHu6rsteCr1vMnd38/getUpdates "HTTP/1.1 200 OK"
2025-04-04 19:41:23,006 - httpx - INFO - HTTP Request: POST https://api.telegram.org/bot7728251431:AAEZ3y5HDcNk7nto1IcHu6rsteCr1vMnd38/getUpdates "HTTP/1.1 200 OK"
